#
# There is insufficient memory for the Java Runtime Environment to continue.
# Native memory allocation (mmap) failed to map 65011712 bytes for committing reserved memory.
# Possible reasons:
#   The system is out of physical RAM or swap space
#   In 32 bit mode, the process size limit was hit
# Possible solutions:
#   Reduce memory load on the system
#   Increase physical memory or swap space
#   Check if swap backing store is full
#   Use 64 bit Java on a 64 bit OS
#   Decrease Java heap size (-Xmx/-Xms)
#   Decrease number of Java threads
#   Decrease Java thread stack sizes (-Xss)
#   Set larger code cache with -XX:ReservedCodeCacheSize=
# This output file may be truncated or incomplete.
#
#  Out of Memory Error (os_linux.cpp:2640), pid=28143, tid=0x00007fa5082f2700
#
# JRE version: OpenJDK Runtime Environment (8.0_152-b01) (build 1.8.0_152-release-1248-b01)
# Java VM: OpenJDK 64-Bit Server VM (25.152-b01 mixed mode linux-amd64 compressed oops)
# Failed to write core dump. Core dumps have been disabled. To enable core dumping, try "ulimit -c unlimited" before starting Java again
#

---------------  T H R E A D  ---------------

Current thread (0x00007fa518079000):  VMThread [stack: 0x00007fa5081f3000,0x00007fa5082f3000] [id=28152]

Stack: [0x00007fa5081f3000,0x00007fa5082f3000],  sp=0x00007fa5082f14f0,  free space=1017k
Native frames: (J=compiled Java code, j=interpreted, Vv=VM code, C=native code)
V  [libjvm.so+0xa70d2f]  VMError::report_and_die()+0x2af
V  [libjvm.so+0x4c7207]  report_vm_out_of_memory(char const*, int, unsigned long, VMErrorType, char const*)+0x67
V  [libjvm.so+0x8b5b60]  os::pd_commit_memory(char*, unsigned long, unsigned long, bool)+0x100
V  [libjvm.so+0x8b077f]  os::commit_memory(char*, unsigned long, unsigned long, bool)+0x1f
V  [libjvm.so+0x92e436]  PSVirtualSpace::expand_by(unsigned long)+0x56
V  [libjvm.so+0x92f6c8]  PSYoungGen::resize(unsigned long, unsigned long)+0xd8
V  [libjvm.so+0x92be56]  PSScavenge::invoke_no_policy()+0x1356
V  [libjvm.so+0x9248c9]  PSParallelCompact::invoke(bool)+0x49
V  [libjvm.so+0x4459b3]  CollectedHeap::collect_as_vm_thread(GCCause::Cause)+0x153
V  [libjvm.so+0xa71db1]  VM_CollectForMetadataAllocation::doit()+0x161
V  [libjvm.so+0xa77896]  VM_Operation::evaluate()+0x46
V  [libjvm.so+0xa750f2]  VMThread::evaluate_operation(VM_Operation*) [clone .constprop.31]+0xa2
V  [libjvm.so+0xa7651b]  VMThread::loop()+0x37b
V  [libjvm.so+0xa768c8]  VMThread::run()+0x78
V  [libjvm.so+0x8b3322]  java_start(Thread*)+0x102

VM_Operation (0x00007fa4cb387bf0): CollectForMetadataAllocation, mode: safepoint, requested by thread 0x00007fa4c000a000


---------------  P R O C E S S  ---------------

Java Threads: ( => current thread )
  0x00007fa4ac650000 JavaThread "Cache worker for journal cache (/home/raimonda/.gradle/caches/journal-1)" [_thread_blocked, id=28174, stack(0x00007fa4ca889000,0x00007fa4ca98a000)]
  0x00007fa4ac2ed000 JavaThread "Cache worker for file hash cache (/home/raimonda/AndroidStudioProjects/xmlfirstexample/.gradle/4.10.1/fileHashes)" [_thread_blocked, id=28173, stack(0x00007fa4ca98a000,0x00007fa4caa8b000)]
  0x00007fa4ac290000 JavaThread "File lock request listener" [_thread_in_native, id=28172, stack(0x00007fa4cac8b000,0x00007fa4cad8c000)]
  0x00007fa4ac283000 JavaThread "Cache worker for file hash cache (/home/raimonda/.gradle/caches/4.10.1/fileHashes)" [_thread_blocked, id=28171, stack(0x00007fa4cad8c000,0x00007fa4cae8d000)]
  0x00007fa4ac011800 JavaThread "Stdin handler" [_thread_blocked, id=28170, stack(0x00007fa4cb08d000,0x00007fa4cb18e000)]
  0x00007fa4ac00f800 JavaThread "Asynchronous log dispatcher for DefaultDaemonConnection: socket connection from /127.0.0.1:35569 to /127.0.0.1:51786" [_thread_blocked, id=28169, stack(0x00007fa4cb18e000,0x00007fa4cb28f000)]
  0x00007fa4c000a000 JavaThread "Daemon worker" [_thread_blocked, id=28166, stack(0x00007fa4cb28f000,0x00007fa4cb390000)]
  0x00007fa4c0008800 JavaThread "Cancel handler" [_thread_blocked, id=28165, stack(0x00007fa4cb390000,0x00007fa4cb491000)]
  0x00007fa4c0004000 JavaThread "Handler for socket connection from /127.0.0.1:35569 to /127.0.0.1:51786" [_thread_in_native, id=28164, stack(0x00007fa4cb491000,0x00007fa4cb592000)]
  0x00007fa4c402c000 JavaThread "Daemon" [_thread_blocked, id=28163, stack(0x00007fa4cb592000,0x00007fa4cb693000)]
  0x00007fa518f80800 JavaThread "Daemon periodic checks" [_thread_blocked, id=28162, stack(0x00007fa4cb693000,0x00007fa4cb794000)]
  0x00007fa518f5a000 JavaThread "Incoming local TCP Connector on port 35569" [_thread_in_native, id=28161, stack(0x00007fa4cb79b000,0x00007fa4cb89c000)]
  0x00007fa5180ca800 JavaThread "Service Thread" daemon [_thread_blocked, id=28159, stack(0x00007fa4fbdfe000,0x00007fa4fbeff000)]
  0x00007fa5180bf000 JavaThread "C1 CompilerThread2" daemon [_thread_blocked, id=28158, stack(0x00007fa4fbf00000,0x00007fa4fc000000)]
  0x00007fa5180bd800 JavaThread "C2 CompilerThread1" daemon [_thread_blocked, id=28157, stack(0x00007fa5000fd000,0x00007fa5001fd000)]
  0x00007fa5180ba800 JavaThread "C2 CompilerThread0" daemon [_thread_blocked, id=28156, stack(0x00007fa5001fe000,0x00007fa5002fe000)]
  0x00007fa5180b9000 JavaThread "Signal Dispatcher" daemon [_thread_blocked, id=28155, stack(0x00007fa5002fe000,0x00007fa5003ff000)]
  0x00007fa518085000 JavaThread "Finalizer" daemon [_thread_blocked, id=28154, stack(0x00007fa500eff000,0x00007fa501000000)]
  0x00007fa518080800 JavaThread "Reference Handler" daemon [_thread_blocked, id=28153, stack(0x00007fa5080f1000,0x00007fa5081f2000)]
  0x00007fa51800b000 JavaThread "main" [_thread_blocked, id=28147, stack(0x00007fa520c1e000,0x00007fa520d1e000)]

Other Threads:
=>0x00007fa518079000 VMThread [stack: 0x00007fa5081f3000,0x00007fa5082f3000] [id=28152]
  0x00007fa5180cd000 WatcherThread [stack: 0x00007fa4fbcfe000,0x00007fa4fbdfe000] [id=28160]

VM state:at safepoint (normal execution)

VM Mutex/Monitor currently owned by a thread:  ([mutex/lock_event])
[0x00007fa518007b30] Threads_lock - owner thread: 0x00007fa518079000
[0x00007fa518008030] Heap_lock - owner thread: 0x00007fa4c000a000

Heap:
 PSYoungGen      total 70144K, used 7304K [0x00000000e0000000, 0x00000000e4d00000, 0x0000000100000000)
  eden space 62464K, 0% used [0x00000000e0000000,0x00000000e0000000,0x00000000e3d00000)
  from space 7680K, 95% used [0x00000000e3d00000,0x00000000e4422140,0x00000000e4480000)
  to   space 6656K, 0% used [0x00000000e4480000,0x00000000e4480000,0x00000000e4b00000)
 ParOldGen       total 42496K, used 6980K [0x00000000a0000000, 0x00000000a2980000, 0x00000000e0000000)
  object space 42496K, 16% used [0x00000000a0000000,0x00000000a06d13a0,0x00000000a2980000)
 Metaspace       used 20823K, capacity 21274K, committed 21296K, reserved 1067008K
  class space    used 2937K, capacity 3118K, committed 3120K, reserved 1048576K

Card table byte_map: [0x00007fa51d686000,0x00007fa51d987000] byte_map_base: 0x00007fa51d186000

Marking Bits: (ParMarkBitMap*) 0x00007fa5200c8160
 Begin Bits: [0x00007fa501000000, 0x00007fa502800000)
 End Bits:   [0x00007fa502800000, 0x00007fa504000000)

Polling page: 0x00007fa520d37000

CodeCache: size=245760Kb used=5210Kb max_used=5210Kb free=240549Kb
 bounds [0x00007fa509000000, 0x00007fa509520000, 0x00007fa518000000]
 total_blobs=1966 nmethods=1567 adapters=311
 compilation: enabled

Compilation events (10 events):
Event: 3,795 Thread 0x00007fa5180bf000 1573       3       java.util.Collections::emptyMap (4 bytes)
Event: 3,795 Thread 0x00007fa5180bf000 nmethod 1573 0x00007fa5095069d0 code [0x00007fa509506b20, 0x00007fa509506c50]
Event: 3,796 Thread 0x00007fa5180bf000 1574       1       org.codehaus.groovy.reflection.GroovyClassValuePreJava7::access$100 (5 bytes)
Event: 3,796 Thread 0x00007fa5180bf000 nmethod 1574 0x00007fa509510b50 code [0x00007fa509510ca0, 0x00007fa509510d90]
Event: 3,796 Thread 0x00007fa5180bf000 1575       1       org.codehaus.groovy.util.ManagedConcurrentLinkedQueue::access$000 (5 bytes)
Event: 3,796 Thread 0x00007fa5180bf000 nmethod 1575 0x00007fa509510e10 code [0x00007fa509510f60, 0x00007fa509511050]
Event: 3,796 Thread 0x00007fa5180bf000 1576       1       org.codehaus.groovy.reflection.ClassInfo::access$200 (5 bytes)
Event: 3,796 Thread 0x00007fa5180bf000 nmethod 1576 0x00007fa5095110d0 code [0x00007fa509511220, 0x00007fa509511310]
Event: 3,818 Thread 0x00007fa5180bf000 1577       3       org.codehaus.groovy.reflection.CachedMethod::<init> (15 bytes)
Event: 3,818 Thread 0x00007fa5180bf000 nmethod 1577 0x00007fa509511390 code [0x00007fa509511500, 0x00007fa509511790]

GC Heap History (10 events):
Event: 0,900 GC heap after
Heap after GC invocations=2 (full 0):
 PSYoungGen      total 18432K, used 2496K [0x00000000e0000000, 0x00000000e2400000, 0x0000000100000000)
  eden space 15872K, 0% used [0x00000000e0000000,0x00000000e0000000,0x00000000e0f80000)
  from space 2560K, 97% used [0x00000000e1200000,0x00000000e1470020,0x00000000e1480000)
  to   space 2560K, 0% used [0x00000000e0f80000,0x00000000e0f80000,0x00000000e1200000)
 ParOldGen       total 42496K, used 172K [0x00000000a0000000, 0x00000000a2980000, 0x00000000e0000000)
  object space 42496K, 0% used [0x00000000a0000000,0x00000000a002b350,0x00000000a2980000)
 Metaspace       used 6372K, capacity 6478K, committed 6784K, reserved 1056768K
  class space    used 786K, capacity 843K, committed 896K, reserved 1048576K
}
Event: 1,078 GC heap before
{Heap before GC invocations=3 (full 0):
 PSYoungGen      total 18432K, used 18368K [0x00000000e0000000, 0x00000000e2400000, 0x0000000100000000)
  eden space 15872K, 100% used [0x00000000e0000000,0x00000000e0f80000,0x00000000e0f80000)
  from space 2560K, 97% used [0x00000000e1200000,0x00000000e1470020,0x00000000e1480000)
  to   space 2560K, 0% used [0x00000000e0f80000,0x00000000e0f80000,0x00000000e1200000)
 ParOldGen       total 42496K, used 172K [0x00000000a0000000, 0x00000000a2980000, 0x00000000e0000000)
  object space 42496K, 0% used [0x00000000a0000000,0x00000000a002b350,0x00000000a2980000)
 Metaspace       used 6632K, capacity 6792K, committed 7040K, reserved 1056768K
  class space    used 829K, capacity 884K, committed 896K, reserved 1048576K
Event: 1,084 GC heap after
Heap after GC invocations=3 (full 0):
 PSYoungGen      total 18432K, used 2544K [0x00000000e0000000, 0x00000000e2400000, 0x0000000100000000)
  eden space 15872K, 0% used [0x00000000e0000000,0x00000000e0000000,0x00000000e0f80000)
  from space 2560K, 99% used [0x00000000e0f80000,0x00000000e11fc010,0x00000000e1200000)
  to   space 2560K, 0% used [0x00000000e2180000,0x00000000e2180000,0x00000000e2400000)
 ParOldGen       total 42496K, used 423K [0x00000000a0000000, 0x00000000a2980000, 0x00000000e0000000)
  object space 42496K, 0% used [0x00000000a0000000,0x00000000a0069e58,0x00000000a2980000)
 Metaspace       used 6632K, capacity 6792K, committed 7040K, reserved 1056768K
  class space    used 829K, capacity 884K, committed 896K, reserved 1048576K
}
Event: 1,402 GC heap before
{Heap before GC invocations=4 (full 0):
 PSYoungGen      total 18432K, used 18416K [0x00000000e0000000, 0x00000000e2400000, 0x0000000100000000)
  eden space 15872K, 100% used [0x00000000e0000000,0x00000000e0f80000,0x00000000e0f80000)
  from space 2560K, 99% used [0x00000000e0f80000,0x00000000e11fc010,0x00000000e1200000)
  to   space 2560K, 0% used [0x00000000e2180000,0x00000000e2180000,0x00000000e2400000)
 ParOldGen       total 42496K, used 423K [0x00000000a0000000, 0x00000000a2980000, 0x00000000e0000000)
  object space 42496K, 0% used [0x00000000a0000000,0x00000000a0069e58,0x00000000a2980000)
 Metaspace       used 9820K, capacity 10050K, committed 10368K, reserved 1058816K
  class space    used 1317K, capacity 1389K, committed 1408K, reserved 1048576K
Event: 1,411 GC heap after
Heap after GC invocations=4 (full 0):
 PSYoungGen      total 34304K, used 2544K [0x00000000e0000000, 0x00000000e2400000, 0x0000000100000000)
  eden space 31744K, 0% used [0x00000000e0000000,0x00000000e0000000,0x00000000e1f00000)
  from space 2560K, 99% used [0x00000000e2180000,0x00000000e23fc010,0x00000000e2400000)
  to   space 2560K, 0% used [0x00000000e1f00000,0x00000000e1f00000,0x00000000e2180000)
 ParOldGen       total 42496K, used 2264K [0x00000000a0000000, 0x00000000a2980000, 0x00000000e0000000)
  object space 42496K, 5% used [0x00000000a0000000,0x00000000a02361c0,0x00000000a2980000)
 Metaspace       used 9820K, capacity 10050K, committed 10368K, reserved 1058816K
  class space    used 1317K, capacity 1389K, committed 1408K, reserved 1048576K
}
Event: 1,970 GC heap before
{Heap before GC invocations=5 (full 0):
 PSYoungGen      total 34304K, used 34288K [0x00000000e0000000, 0x00000000e2400000, 0x0000000100000000)
  eden space 31744K, 100% used [0x00000000e0000000,0x00000000e1f00000,0x00000000e1f00000)
  from space 2560K, 99% used [0x00000000e2180000,0x00000000e23fc010,0x00000000e2400000)
  to   space 2560K, 0% used [0x00000000e1f00000,0x00000000e1f00000,0x00000000e2180000)
 ParOldGen       total 42496K, used 2264K [0x00000000a0000000, 0x00000000a2980000, 0x00000000e0000000)
  object space 42496K, 5% used [0x00000000a0000000,0x00000000a02361c0,0x00000000a2980000)
 Metaspace       used 13142K, capacity 13446K, committed 13568K, reserved 1060864K
  class space    used 1863K, capacity 1993K, committed 2048K, reserved 1048576K
Event: 1,984 GC heap after
Heap after GC invocations=5 (full 0):
 PSYoungGen      total 34304K, used 2528K [0x00000000e0000000, 0x00000000e4b00000, 0x0000000100000000)
  eden space 31744K, 0% used [0x00000000e0000000,0x00000000e0000000,0x00000000e1f00000)
  from space 2560K, 98% used [0x00000000e1f00000,0x00000000e2178030,0x00000000e2180000)
  to   space 6656K, 0% used [0x00000000e4480000,0x00000000e4480000,0x00000000e4b00000)
 ParOldGen       total 42496K, used 6084K [0x00000000a0000000, 0x00000000a2980000, 0x00000000e0000000)
  object space 42496K, 14% used [0x00000000a0000000,0x00000000a05f1360,0x00000000a2980000)
 Metaspace       used 13142K, capacity 13446K, committed 13568K, reserved 1060864K
  class space    used 1863K, capacity 1993K, committed 2048K, reserved 1048576K
}
Event: 2,882 GC heap before
{Heap before GC invocations=6 (full 0):
 PSYoungGen      total 34304K, used 34272K [0x00000000e0000000, 0x00000000e4b00000, 0x0000000100000000)
  eden space 31744K, 100% used [0x00000000e0000000,0x00000000e1f00000,0x00000000e1f00000)
  from space 2560K, 98% used [0x00000000e1f00000,0x00000000e2178030,0x00000000e2180000)
  to   space 6656K, 0% used [0x00000000e4480000,0x00000000e4480000,0x00000000e4b00000)
 ParOldGen       total 42496K, used 6084K [0x00000000a0000000, 0x00000000a2980000, 0x00000000e0000000)
  object space 42496K, 14% used [0x00000000a0000000,0x00000000a05f1360,0x00000000a2980000)
 Metaspace       used 16177K, capacity 16502K, committed 16640K, reserved 1062912K
  class space    used 2342K, capacity 2483K, committed 2560K, reserved 1048576K
Event: 2,902 GC heap after
Heap after GC invocations=6 (full 0):
 PSYoungGen      total 69120K, used 6261K [0x00000000e0000000, 0x00000000e4d00000, 0x0000000100000000)
  eden space 62464K, 0% used [0x00000000e0000000,0x00000000e0000000,0x00000000e3d00000)
  from space 6656K, 94% used [0x00000000e4480000,0x00000000e4a9d518,0x00000000e4b00000)
  to   space 7680K, 0% used [0x00000000e3d00000,0x00000000e3d00000,0x00000000e4480000)
 ParOldGen       total 42496K, used 6092K [0x00000000a0000000, 0x00000000a2980000, 0x00000000e0000000)
  object space 42496K, 14% used [0x00000000a0000000,0x00000000a05f3360,0x00000000a2980000)
 Metaspace       used 16177K, capacity 16502K, committed 16640K, reserved 1062912K
  class space    used 2342K, capacity 2483K, committed 2560K, reserved 1048576K
}
Event: 3,840 GC heap before
{Heap before GC invocations=7 (full 0):
 PSYoungGen      total 69120K, used 40324K [0x00000000e0000000, 0x00000000e4d00000, 0x0000000100000000)
  eden space 62464K, 54% used [0x00000000e0000000,0x00000000e2143c20,0x00000000e3d00000)
  from space 6656K, 94% used [0x00000000e4480000,0x00000000e4a9d518,0x00000000e4b00000)
  to   space 7680K, 0% used [0x00000000e3d00000,0x00000000e3d00000,0x00000000e4480000)
 ParOldGen       total 42496K, used 6092K [0x00000000a0000000, 0x00000000a2980000, 0x00000000e0000000)
  object space 42496K, 14% used [0x00000000a0000000,0x00000000a05f3360,0x00000000a2980000)
 Metaspace       used 20823K, capacity 21274K, committed 21296K, reserved 1067008K
  class space    used 2937K, capacity 3118K, committed 3120K, reserved 1048576K

Deoptimization events (10 events):
Event: 3,108 Thread 0x00007fa4c000a000 Uncommon trap: reason=unstable_if action=reinterpret pc=0x00007fa5092679a8 method=java.io.File.getName()Ljava/lang/String; @ 16
Event: 3,258 Thread 0x00007fa4c000a000 Uncommon trap: reason=bimorphic action=maybe_recompile pc=0x00007fa5093e6248 method=java.lang.ClassLoader.loadClass(Ljava/lang/String;Z)Ljava/lang/Class; @ 38
Event: 3,264 Thread 0x00007fa4c000a000 Uncommon trap: reason=bimorphic action=maybe_recompile pc=0x00007fa5093e6248 method=java.lang.ClassLoader.loadClass(Ljava/lang/String;Z)Ljava/lang/Class; @ 38
Event: 3,264 Thread 0x00007fa4c000a000 Uncommon trap: reason=bimorphic action=maybe_recompile pc=0x00007fa5093e6248 method=java.lang.ClassLoader.loadClass(Ljava/lang/String;Z)Ljava/lang/Class; @ 38
Event: 3,265 Thread 0x00007fa4c000a000 Uncommon trap: reason=bimorphic action=maybe_recompile pc=0x00007fa5093e6248 method=java.lang.ClassLoader.loadClass(Ljava/lang/String;Z)Ljava/lang/Class; @ 38
Event: 3,456 Thread 0x00007fa4c000a000 Uncommon trap: reason=unstable_if action=reinterpret pc=0x00007fa509189c74 method=java.lang.AbstractStringBuilder.append(Ljava/lang/String;)Ljava/lang/AbstractStringBuilder; @ 1
Event: 3,456 Thread 0x00007fa4c000a000 Uncommon trap: reason=unstable_if action=reinterpret pc=0x00007fa5091bc440 method=java.lang.AbstractStringBuilder.append(Ljava/lang/String;)Ljava/lang/AbstractStringBuilder; @ 1
Event: 3,485 Thread 0x00007fa4c000a000 Uncommon trap: reason=unstable_if action=reinterpret pc=0x00007fa50921d19c method=java.io.UnixFileSystem.normalize(Ljava/lang/String;)Ljava/lang/String; @ 60
Event: 3,486 Thread 0x00007fa4c000a000 Uncommon trap: reason=class_check action=maybe_recompile pc=0x00007fa5091d0f74 method=sun.misc.URLClassPath.getLoader(I)Lsun/misc/URLClassPath$Loader; @ 94
Event: 3,486 Thread 0x00007fa4c000a000 Uncommon trap: reason=class_check action=maybe_recompile pc=0x00007fa5094c0dc8 method=sun.misc.URLClassPath.getResource(Ljava/lang/String;Z)Lsun/misc/Resource; @ 62

Classes redefined (0 events):
No events

Internal exceptions (10 events):
Event: 3,304 Thread 0x00007fa4c000a000 Exception <a 'java/lang/NoSuchMethodError': <clinit>> (0x00000000e0e65020) thrown at [/usr/local/google/home/ralucas/source/AOSP-openjdk-git/jdk8u/hotspot/src/share/vm/prims/jni.cpp, line 1613]
Event: 3,306 Thread 0x00007fa4c000a000 Exception <a 'java/lang/NoSuchMethodError': <clinit>> (0x00000000e0e74fb0) thrown at [/usr/local/google/home/ralucas/source/AOSP-openjdk-git/jdk8u/hotspot/src/share/vm/prims/jni.cpp, line 1613]
Event: 3,307 Thread 0x00007fa4c000a000 Exception <a 'java/lang/NoSuchMethodError': <clinit>> (0x00000000e0e811f8) thrown at [/usr/local/google/home/ralucas/source/AOSP-openjdk-git/jdk8u/hotspot/src/share/vm/prims/jni.cpp, line 1613]
Event: 3,322 Thread 0x00007fa4c000a000 Exception <a 'java/lang/NoSuchMethodError': <clinit>> (0x00000000e0f4cf10) thrown at [/usr/local/google/home/ralucas/source/AOSP-openjdk-git/jdk8u/hotspot/src/share/vm/prims/jni.cpp, line 1613]
Event: 3,323 Thread 0x00007fa4c000a000 Exception <a 'java/lang/NoSuchMethodError': <clinit>> (0x00000000e0f50e58) thrown at [/usr/local/google/home/ralucas/source/AOSP-openjdk-git/jdk8u/hotspot/src/share/vm/prims/jni.cpp, line 1613]
Event: 3,323 Thread 0x00007fa4c000a000 Exception <a 'java/lang/NoSuchMethodError': <clinit>> (0x00000000e0f52960) thrown at [/usr/local/google/home/ralucas/source/AOSP-openjdk-git/jdk8u/hotspot/src/share/vm/prims/jni.cpp, line 1613]
Event: 3,323 Thread 0x00007fa4c000a000 Exception <a 'java/lang/NoSuchMethodError': <clinit>> (0x00000000e0f54130) thrown at [/usr/local/google/home/ralucas/source/AOSP-openjdk-git/jdk8u/hotspot/src/share/vm/prims/jni.cpp, line 1613]
Event: 3,323 Thread 0x00007fa4c000a000 Exception <a 'java/lang/NoSuchMethodError': <clinit>> (0x00000000e0f557b0) thrown at [/usr/local/google/home/ralucas/source/AOSP-openjdk-git/jdk8u/hotspot/src/share/vm/prims/jni.cpp, line 1613]
Event: 3,456 Thread 0x00007fa4c000a000 Implicit null exception at 0x00007fa509189873 to 0x00007fa509189c61
Event: 3,456 Thread 0x00007fa4c000a000 Implicit null exception at 0x00007fa5091bc076 to 0x00007fa5091bc429

Events (10 events):
Event: 3,819 loading class javax/swing/event/ListDataEvent done
Event: 3,819 loading class java/awt/event/ActionEvent
Event: 3,819 loading class java/awt/AWTEvent
Event: 3,820 loading class java/awt/AWTEvent done
Event: 3,820 loading class java/awt/event/ActionEvent done
Event: 3,820 loading class javax/accessibility/AccessibleContext
Event: 3,821 loading class javax/accessibility/AccessibleContext done
Event: 3,821 loading class javax/swing/TransferHandler
Event: 3,822 loading class javax/swing/TransferHandler done
Event: 3,840 Executing VM operation: CollectForMetadataAllocation


Dynamic libraries:
a0000000-a2980000 rw-p 00000000 00:00 0 
a2980000-e0000000 ---p 00000000 00:00 0 
e0000000-e4d00000 rw-p 00000000 00:00 0 
e8b00000-100000000 ---p 00000000 00:00 0 
100000000-10030c000 rw-p 00000000 00:00 0 
10030c000-140000000 ---p 00000000 00:00 0 
55f6ccb4f000-55f6ccb50000 r-xp 00000000 08:02 6032638                    /opt/android-studio/jre/bin/java
55f6ccd4f000-55f6ccd50000 r--p 00000000 08:02 6032638                    /opt/android-studio/jre/bin/java
55f6ccd50000-55f6ccd51000 rw-p 00001000 08:02 6032638                    /opt/android-studio/jre/bin/java
55f6cdb6e000-55f6cdb8f000 rw-p 00000000 00:00 0                          [heap]
7fa494000000-7fa494021000 rw-p 00000000 00:00 0 
7fa494021000-7fa498000000 ---p 00000000 00:00 0 
7fa49c000000-7fa49c021000 rw-p 00000000 00:00 0 
7fa49c021000-7fa4a0000000 ---p 00000000 00:00 0 
7fa4a0000000-7fa4a0021000 rw-p 00000000 00:00 0 
7fa4a0021000-7fa4a4000000 ---p 00000000 00:00 0 
7fa4a4000000-7fa4a4021000 rw-p 00000000 00:00 0 
7fa4a4021000-7fa4a8000000 ---p 00000000 00:00 0 
7fa4a8000000-7fa4a8026000 rw-p 00000000 00:00 0 
7fa4a8026000-7fa4ac000000 ---p 00000000 00:00 0 
7fa4ac000000-7fa4acee9000 rw-p 00000000 00:00 0 
7fa4acee9000-7fa4b0000000 ---p 00000000 00:00 0 
7fa4b0000000-7fa4b0021000 rw-p 00000000 00:00 0 
7fa4b0021000-7fa4b4000000 ---p 00000000 00:00 0 
7fa4b4000000-7fa4b4027000 rw-p 00000000 00:00 0 
7fa4b4027000-7fa4b8000000 ---p 00000000 00:00 0 
7fa4b8000000-7fa4b8021000 rw-p 00000000 00:00 0 
7fa4b8021000-7fa4bc000000 ---p 00000000 00:00 0 
7fa4bc000000-7fa4bc021000 rw-p 00000000 00:00 0 
7fa4bc021000-7fa4c0000000 ---p 00000000 00:00 0 
7fa4c0000000-7fa4c0021000 rw-p 00000000 00:00 0 
7fa4c0021000-7fa4c4000000 ---p 00000000 00:00 0 
7fa4c4000000-7fa4c4067000 rw-p 00000000 00:00 0 
7fa4c4067000-7fa4c8000000 ---p 00000000 00:00 0 
7fa4c9de5000-7fa4c9fa5000 rw-p 00000000 00:00 0 
7fa4c9fa5000-7fa4c9fe5000 ---p 00000000 00:00 0 
7fa4c9fe5000-7fa4ca175000 r--s 0312e000 08:02 5771097                    /home/raimonda/.gradle/caches/jars-3/c5c6104a7694f49ee4dc9a455010874a/android.jar
7fa4ca175000-7fa4ca3e4000 r--s 018f0000 08:02 5771095                    /home/raimonda/.gradle/caches/jars-3/c8321a7cfbb5da60e329df9240f10813/gradle-api-impldep-4.8.jar
7fa4ca3e4000-7fa4ca5e4000 rw-p 00000000 00:00 0 
7fa4ca66b000-7fa4ca66c000 r--s 00000000 08:02 5771103                    /home/raimonda/.gradle/caches/jars-3/141cfe160e971e5498fbbbcd4fe2fb29/gradle-appengine-builder-model-0.1.0.jar
7fa4ca66c000-7fa4ca69e000 r--s 00264000 08:02 5771101                    /home/raimonda/.gradle/caches/jars-3/c0d978ce333ad3e66e0e1b5a0a6b80a3/guava-23.6-jre.jar
7fa4ca69e000-7fa4ca6c4000 r--s 006c3000 08:02 5771099                    /home/raimonda/.gradle/caches/jars-3/9b3775382eee365ed20842598446322e/sdk-tools.jar
7fa4ca6c4000-7fa4ca810000 r--s 00b0e000 08:02 5771092                    /home/raimonda/.gradle/caches/jars-3/ff95cd43e0d6d398e6bd15558315b836/gradle-api-4.8.jar
7fa4ca810000-7fa4ca889000 r--s 010fd000 08:02 6032598                    /opt/android-studio/jre/lib/tools.jar
7fa4ca889000-7fa4ca88c000 ---p 00000000 00:00 0 
7fa4ca88c000-7fa4ca98a000 rw-p 00000000 00:00 0 
7fa4ca98a000-7fa4ca98d000 ---p 00000000 00:00 0 
7fa4ca98d000-7fa4cac8b000 rw-p 00000000 00:00 0 
7fa4cac8b000-7fa4cac8e000 ---p 00000000 00:00 0 
7fa4cac8e000-7fa4cad8c000 rw-p 00000000 00:00 0 
7fa4cad8c000-7fa4cad8f000 ---p 00000000 00:00 0 
7fa4cad8f000-7fa4cb08d000 rw-p 00000000 00:00 0 
7fa4cb08d000-7fa4cb090000 ---p 00000000 00:00 0 
7fa4cb090000-7fa4cb18e000 rw-p 00000000 00:00 0 
7fa4cb18e000-7fa4cb191000 ---p 00000000 00:00 0 
7fa4cb191000-7fa4cb28f000 rw-p 00000000 00:00 0 
7fa4cb28f000-7fa4cb292000 ---p 00000000 00:00 0 
7fa4cb292000-7fa4cb390000 rw-p 00000000 00:00 0 
7fa4cb390000-7fa4cb393000 ---p 00000000 00:00 0 
7fa4cb393000-7fa4cb491000 rw-p 00000000 00:00 0 
7fa4cb491000-7fa4cb494000 ---p 00000000 00:00 0 
7fa4cb494000-7fa4cb592000 rw-p 00000000 00:00 0 
7fa4cb592000-7fa4cb595000 ---p 00000000 00:00 0 
7fa4cb595000-7fa4cb693000 rw-p 00000000 00:00 0 
7fa4cb693000-7fa4cb696000 ---p 00000000 00:00 0 
7fa4cb696000-7fa4cb794000 rw-p 00000000 00:00 0 
7fa4cb794000-7fa4cb79b000 r--s 00000000 08:02 3279291                    /usr/lib/x86_64-linux-gnu/gconv/gconv-modules.cache
7fa4cb79b000-7fa4cb79e000 ---p 00000000 00:00 0 
7fa4cb79e000-7fa4cb89c000 rw-p 00000000 00:00 0 
7fa4cb89c000-7fa4cb8a1000 r--s 0009a000 08:02 6032553                    /opt/android-studio/jre/jre/lib/jsse.jar
7fa4cb8a1000-7fa4cbaa1000 rw-p 00000000 00:00 0 
7fa4cbaa1000-7fa4cbaaa000 r-xp 00000000 08:02 6032500                    /opt/android-studio/jre/jre/lib/amd64/libmanagement.so
7fa4cbaaa000-7fa4cbca9000 ---p 00009000 08:02 6032500                    /opt/android-studio/jre/jre/lib/amd64/libmanagement.so
7fa4cbca9000-7fa4cbcaa000 r--p 00008000 08:02 6032500                    /opt/android-studio/jre/jre/lib/amd64/libmanagement.so
7fa4cbcaa000-7fa4cbcab000 rw-p 00009000 08:02 6032500                    /opt/android-studio/jre/jre/lib/amd64/libmanagement.so
7fa4cbcab000-7fa4cbcad000 r--s 00009000 08:02 5770289                    /home/raimonda/.gradle/wrapper/dists/gradle-4.10.1-all/455itskqi2qtf0v2sja68alqd/gradle-4.10.1/lib/plugins/gradle-tooling-api-builders-4.10.1.jar
7fa4cbcad000-7fa4cbcaf000 r--s 00003000 08:02 5770272                    /home/raimonda/.gradle/wrapper/dists/gradle-4.10.1-all/455itskqi2qtf0v2sja68alqd/gradle-4.10.1/lib/plugins/gradle-tooling-native-4.10.1.jar
7fa4cbcaf000-7fa4cbcb3000 r--s 00019000 08:02 5770274                    /home/raimonda/.gradle/wrapper/dists/gradle-4.10.1-all/455itskqi2qtf0v2sja68alqd/gradle-4.10.1/lib/plugins/gradle-testing-native-4.10.1.jar
7fa4cbcb3000-7fa4cbcb5000 r--s 0000d000 08:02 5770382                    /home/raimonda/.gradle/wrapper/dists/gradle-4.10.1-all/455itskqi2qtf0v2sja68alqd/gradle-4.10.1/lib/plugins/jcommander-1.47.jar
7fa4cbcb5000-7fa4cbcbe000 r--s 00089000 08:02 5770345                    /home/raimonda/.gradle/wrapper/dists/gradle-4.10.1-all/455itskqi2qtf0v2sja68alqd/gradle-4.10.1/lib/plugins/testng-6.3.1.jar
7fa4cbcbe000-7fa4cbcc3000 r--s 0005a000 08:02 5770349                    /home/raimonda/.gradle/wrapper/dists/gradle-4.10.1-all/455itskqi2qtf0v2sja68alqd/gradle-4.10.1/lib/plugins/bsh-2.0b6.jar
7fa4cbcc3000-7fa4cbcc7000 r--s 0001c000 08:02 5770294                    /home/raimonda/.gradle/wrapper/dists/gradle-4.10.1-all/455itskqi2qtf0v2sja68alqd/gradle-4.10.1/lib/plugins/gradle-testing-jvm-4.10.1.jar
7fa4cbcc7000-7fa4cbcc9000 r--s 0000e000 08:02 5770380                    /home/raimonda/.gradle/wrapper/dists/gradle-4.10.1-all/455itskqi2qtf0v2sja68alqd/gradle-4.10.1/lib/plugins/junit-platform-commons-1.0.3.jar
7fa4cbcc9000-7fa4cbcca000 r--s 00001000 08:02 5770385                    /home/raimonda/.gradle/wrapper/dists/gradle-4.10.1-all/455itskqi2qtf0v2sja68alqd/gradle-4.10.1/lib/plugins/opentest4j-1.0.0.jar
7fa4cbcca000-7fa4cbccd000 r--s 00013000 08:02 5770379                    /home/raimonda/.gradle/wrapper/dists/gradle-4.10.1-all/455itskqi2qtf0v2sja68alqd/gradle-4.10.1/lib/plugins/junit-platform-engine-1.0.3.jar
7fa4cbccd000-7fa4cbcce000 r--s 00000000 08:02 5770381                    /home/raimonda/.gradle/wrapper/dists/gradle-4.10.1-all/455itskqi2qtf0v2sja68alqd/gradle-4.10.1/lib/plugins/apiguardian-api-1.0.0.jar
7fa4cbcce000-7fa4cbcd0000 r--s 0000c000 08:02 5770350                    /home/raimonda/.gradle/wrapper/dists/gradle-4.10.1-all/455itskqi2qtf0v2sja68alqd/gradle-4.10.1/lib/plugins/junit-platform-launcher-1.0.3.jar
7fa4cbcd0000-7fa4cbcd1000 r--s 00003000 08:02 5770293                    /home/raimonda/.gradle/wrapper/dists/gradle-4.10.1-all/455itskqi2qtf0v2sja68alqd/gradle-4.10.1/lib/plugins/gradle-testing-junit-platform-4.10.1.jar
7fa4cbcd1000-7fa4cbcd9000 r--s 00034000 08:02 5770301                    /home/raimonda/.gradle/wrapper/dists/gradle-4.10.1-all/455itskqi2qtf0v2sja68alqd/gradle-4.10.1/lib/plugins/gradle-testing-base-4.10.1.jar
7fa4cbcd9000-7fa4cbce0000 r--s 00043000 08:02 5770340                    /home/raimonda/.gradle/wrapper/dists/gradle-4.10.1-all/455itskqi2qtf0v2sja68alqd/gradle-4.10.1/lib/plugins/bcpg-jdk15on-1.58.jar
7fa4cbce0000-7fa4cbce3000 r--s 00010000 08:02 5770271                    /home/raimonda/.gradle/wrapper/dists/gradle-4.10.1-all/455itskqi2qtf0v2sja68alqd/gradle-4.10.1/lib/plugins/gradle-signing-4.10.1.jar
7fa4cbce3000-7fa4cbce5000 r--s 00008000 08:02 5770280                    /home/raimonda/.gradle/wrapper/dists/gradle-4.10.1-all/455itskqi2qtf0v2sja68alqd/gradle-4.10.1/lib/plugins/gradle-scala-4.10.1.jar
7fa4cbce5000-7fa4cbce6000 r--s 00004000 08:02 5770312                    /home/raimonda/.gradle/wrapper/dists/gradle-4.10.1-all/455itskqi2qtf0v2sja68alqd/gradle-4.10.1/lib/plugins/gradle-resources-sftp-4.10.1.jar
7fa4cbce6000-7fa4cbcef000 r--s 0005a000 08:02 5770315                    /home/raimonda/.gradle/wrapper/dists/gradle-4.10.1-all/455itskqi2qtf0v2sja68alqd/gradle-4.10.1/lib/plugins/aws-java-sdk-kms-1.11.267.jar
7fa4cbcef000-7fa4cbcf1000 r--s 00005000 08:02 5770355                    /home/raimonda/.gradle/wrapper/dists/gradle-4.10.1-all/455itskqi2qtf0v2sja68alqd/gradle-4.10.1/lib/plugins/jmespath-java-1.11.267.jar
7fa4cbcf1000-7fa4cbd03000 r--s 000bb000 08:02 5770314                    /home/raimonda/.gradle/wrapper/dists/gradle-4.10.1-all/455itskqi2qtf0v2sja68alqd/gradle-4.10.1/lib/plugins/aws-java-sdk-s3-1.11.267.jar
7fa4cbd03000-7fa4cbd0d000 r--s 00081000 08:02 5770376                    /home/raimonda/.gradle/wrapper/dists/gradle-4.10.1-all/455itskqi2qtf0v2sja68alqd/gradle-4.10.1/lib/plugins/ion-java-1.0.2.jar
7fa4cbd0d000-7fa4cbd22000 r--s 000bd000 08:02 5770316                    /home/raimonda/.gradle/wrapper/dists/gradle-4.10.1-all/455itskqi2qtf0v2sja68alqd/gradle-4.10.1/lib/plugins/aws-java-sdk-core-1.11.267.jar
7fa4cbd22000-7fa4cbd24000 r--s 00004000 08:02 5770308                    /home/raimonda/.gradle/wrapper/dists/gradle-4.10.1-all/455itskqi2qtf0v2sja68alqd/gradle-4.10.1/lib/plugins/gradle-resources-s3-4.10.1.jar
7fa4cbd24000-7fa4cbd34000 r--s 00088000 08:02 5770359                    /home/raimonda/.gradle/wrapper/dists/gradle-4.10.1-all/455itskqi2qtf0v2sja68alqd/gradle-4.10.1/lib/plugins/joda-time-2.8.2.jar
7fa4cbd34000-7fa4cbd47000 r--s 00136000 08:02 5770356                    /home/raimonda/.gradle/wrapper/dists/gradle-4.10.1-all/455itskqi2qtf0v2sja68alqd/gradle-4.10.1/lib/plugins/jackson-databind-2.9.4.jar
7fa4cbd47000-7fa4cbd4a000 r--s 0000e000 08:02 5770358                    /home/raimonda/.gradle/wrapper/dists/gradle-4.10.1-all/455itskqi2qtf0v2sja68alqd/gradle-4.10.1/lib/plugins/jackson-annotations-2.9.4.jar
7fa4cbd4a000-7fa4cbd4e000 r--s 0004b000 08:02 5770357                    /home/raimonda/.gradle/wrapper/dists/gradle-4.10.1-all/455itskqi2qtf0v2sja68alqd/gradle-4.10.1/lib/plugins/jackson-core-2.9.4.jar
7fa4cbd4e000-7fa4cbd4f000 r--s 00001000 08:02 5770323                    /home/raimonda/.gradle/wrapper/dists/gradle-4.10.1-all/455itskqi2qtf0v2sja68alqd/gradle-4.10.1/lib/plugins/google-http-client-jackson2-1.23.0.jar
7fa4cbd4f000-7fa4cbd58000 r--s 0004f000 08:02 5770324                    /home/raimonda/.gradle/wrapper/dists/gradle-4.10.1-all/455itskqi2qtf0v2sja68alqd/gradle-4.10.1/lib/plugins/google-http-client-1.23.0.jar
7fa4cbd58000-7fa4cbd5b000 r--s 0000d000 08:02 5770322                    /home/raimonda/.gradle/wrapper/dists/gradle-4.10.1-all/455itskqi2qtf0v2sja68alqd/gradle-4.10.1/lib/plugins/google-oauth-client-1.23.0.jar
7fa4cbd5b000-7fa4cbd60000 r--s 0002c000 08:02 5770321                    /home/raimonda/.gradle/wrapper/dists/gradle-4.10.1-all/455itskqi2qtf0v2sja68alqd/gradle-4.10.1/lib/plugins/google-api-client-1.23.0.jar
7fa4cbd60000-7fa4cbd64000 r--s 0001c000 08:02 5770320                    /home/raimonda/.gradle/wrapper/dists/gradle-4.10.1-all/455itskqi2qtf0v2sja68alqd/gradle-4.10.1/lib/plugins/google-api-services-storage-v1-rev116-1.23.0.jar
7fa4cbd64000-7fa4cbd66000 r--s 00003000 08:02 5770309                    /home/raimonda/.gradle/wrapper/dists/gradle-4.10.1-all/455itskqi2qtf0v2sja68alqd/gradle-4.10.1/lib/plugins/gradle-resources-gcs-4.10.1.jar
7fa4cbd66000-7fa4cbd69000 r--s 0000f000 08:02 5770307                    /home/raimonda/.gradle/wrapper/dists/gradle-4.10.1-all/455itskqi2qtf0v2sja68alqd/gradle-4.10.1/lib/plugins/gradle-reporting-4.10.1.jar
7fa4cbd69000-7fa4cbd6b000 r--s 00007000 08:02 5770300                    /home/raimonda/.gradle/wrapper/dists/gradle-4.10.1-all/455itskqi2qtf0v2sja68alqd/gradle-4.10.1/lib/plugins/gradle-publish-4.10.1.jar
7fa4cbd6b000-7fa4cbd6d000 r--s 00009000 08:02 5770331                    /home/raimonda/.gradle/wrapper/dists/gradle-4.10.1-all/455itskqi2qtf0v2sja68alqd/gradle-4.10.1/lib/plugins/commons-cli-1.2.jar
7fa4cbd6d000-7fa4cbd73000 r--s 0003e000 08:02 5770288                    /home/raimonda/.gradle/wrapper/dists/gradle-4.10.1-all/455itskqi2qtf0v2sja68alqd/gradle-4.10.1/lib/plugins/gradle-plugins-4.10.1.jar
7fa4cbd73000-7fa4cbd75000 r--s 0000b000 08:02 5770276                    /home/raimonda/.gradle/wrapper/dists/gradle-4.10.1-all/455itskqi2qtf0v2sja68alqd/gradle-4.10.1/lib/plugins/gradle-plugin-development-4.10.1.jar
7fa4cbd75000-7fa4cbd7b000 r--s 00030000 08:02 5770283                    /home/raimonda/.gradle/wrapper/dists/gradle-4.10.1-all/455itskqi2qtf0v2sja68alqd/gradle-4.10.1/lib/plugins/gradle-platform-play-4.10.1.jar
7fa4cbd7b000-7fa4cbd81000 r--s 00033000 08:02 5770346                    /home/raimonda/.gradle/wrapper/dists/gradle-4.10.1-all/455itskqi2qtf0v2sja68alqd/gradle-4.10.1/lib/plugins/snakeyaml-1.6.jar
7fa4cbd81000-7fa4cbd92000 r--s 00075000 08:02 5770298                    /home/raimonda/.gradle/wrapper/dists/gradle-4.10.1-all/455itskqi2qtf0v2sja68alqd/gradle-4.10.1/lib/plugins/gradle-platform-native-4.10.1.jar
7fa4cbd92000-7fa4cbd96000 r--s 0001b000 08:02 5770297                    /home/raimonda/.gradle/wrapper/dists/gradle-4.10.1-all/455itskqi2qtf0v2sja68alqd/gradle-4.10.1/lib/plugins/gradle-platform-jvm-4.10.1.jar
7fa4cbd96000-7fa4cbd9d000 r--s 00029000 08:02 5770302                    /home/raimonda/.gradle/wrapper/dists/gradle-4.10.1-all/455itskqi2qtf0v2sja68alqd/gradle-4.10.1/lib/plugins/gradle-platform-base-4.10.1.jar
7fa4cbd9d000-7fa4cbdc8000 r--s 00247000 08:02 5770332                    /home/raimonda/.gradle/wrapper/dists/gradle-4.10.1-all/455itskqi2qtf0v2sja68alqd/gradle-4.10.1/lib/plugins/biz.aQute.bndlib-3.4.0.jar
7fa4cbdc8000-7fa4cbdc9000 r--s 00004000 08:02 5770270                    /home/raimonda/.gradle/wrapper/dists/gradle-4.10.1-all/455itskqi2qtf0v2sja68alqd/gradle-4.10.1/lib/plugins/gradle-osgi-4.10.1.jar
7fa4cbdc9000-7fa4cbdcc000 r--s 0000c000 08:02 5770337                    /home/raimonda/.gradle/wrapper/dists/gradle-4.10.1-all/455itskqi2qtf0v2sja68alqd/gradle-4.10.1/lib/plugins/pmaven-groovy-0.8-20100325.jar
7fa4cbdcc000-7fa4cbdcd000 r--s 00004000 08:02 5770336                    /home/raimonda/.gradle/wrapper/dists/gradle-4.10.1-all/455itskqi2qtf0v2sja68alqd/gradle-4.10.1/lib/plugins/pmaven-common-0.8-20100325.jar
7fa4cbdcd000-7fa4cbdce000 r--s 00007000 08:02 5770319                    /home/raimonda/.gradle/wrapper/dists/gradle-4.10.1-all/455itskqi2qtf0v2sja68alqd/gradle-4.10.1/lib/plugins/wagon-http-shared4-2.4.jar
7fa4cbdce000-7fa4cbdcf000 r--s 00002000 08:02 5770318                    /home/raimonda/.gradle/wrapper/dists/gradle-4.10.1-all/455itskqi2qtf0v2sja68alqd/gradle-4.10.1/lib/plugins/wagon-http-2.4.jar
7fa4cbdcf000-7fa4cbdd0000 r--s 00002000 08:02 5770338                    /home/raimonda/.gradle/wrapper/dists/gradle-4.10.1-all/455itskqi2qtf0v2sja68alqd/gradle-4.10.1/lib/plugins/wagon-file-2.4.jar
7fa4cbdd0000-7fa4cbdd2000 r--s 00006000 08:02 5770339                    /home/raimonda/.gradle/wrapper/dists/gradle-4.10.1-all/455itskqi2qtf0v2sja68alqd/gradle-4.10.1/lib/plugins/aether-connector-wagon-1.13.1.jar
7fa4cbdd2000-7fa4cbdd9000 r--s 0002d000 08:02 5770277                    /home/raimonda/.gradle/wrapper/dists/gradle-4.10.1-all/455itskqi2qtf0v2sja68alqd/gradle-4.10.1/lib/plugins/gradle-maven-4.10.1.jar
7fa4cbdd9000-7fa4cbddc000 r--s 0000b000 08:02 5770292                    /home/raimonda/.gradle/wrapper/dists/gradle-4.10.1-all/455itskqi2qtf0v2sja68alqd/gradle-4.10.1/lib/plugins/gradle-language-scala-4.10.1.jar
7fa4cbddc000-7fa4cbde8000 r--s 0005d000 08:02 5770275                    /home/raimonda/.gradle/wrapper/dists/gradle-4.10.1-all/455itskqi2qtf0v2sja68alqd/gradle-4.10.1/lib/plugins/gradle-language-native-4.10.1.jar
7fa4cbde8000-7fa4cbdff000 r-xp 00000000 08:02 398147                     /lib/x86_64-linux-gnu/libgcc_s.so.1
7fa4cbdff000-7fa4cbffe000 ---p 00017000 08:02 398147                     /lib/x86_64-linux-gnu/libgcc_s.so.1
7fa4cbffe000-7fa4cbfff000 r--p 00016000 08:02 398147                     /lib/x86_64-linux-gnu/libgcc_s.so.1
7fa4cbfff000-7fa4cc000000 rw-p 00017000 08:02 398147                     /lib/x86_64-linux-gnu/libgcc_s.so.1
7fa4cc000000-7fa4cc021000 rw-p 00000000 00:00 0 
7fa4cc021000-7fa4d0000000 ---p 00000000 00:00 0 
7fa4d0000000-7fa4d0021000 rw-p 00000000 00:00 0 
7fa4d0021000-7fa4d4000000 ---p 00000000 00:00 0 
7fa4d4000000-7fa4d5c7f000 rw-p 00000000 00:00 0 
7fa4d5c7f000-7fa4d8000000 ---p 00000000 00:00 0 
7fa4d8000000-7fa4d87d1000 rw-p 00000000 00:00 0 
7fa4d87d1000-7fa4dc000000 ---p 00000000 00:00 0 
7fa4dc000000-7fa4dc021000 rw-p 00000000 00:00 0 
7fa4dc021000-7fa4e0000000 ---p 00000000 00:00 0 
7fa4e0000000-7fa4e20e8000 rw-p 00000000 00:00 0 
7fa4e20e8000-7fa4e4000000 ---p 00000000 00:00 0 
7fa4e4000000-7fa4e4021000 rw-p 00000000 00:00 0 
7fa4e4021000-7fa4e8000000 ---p 00000000 00:00 0 
7fa4e8000000-7fa4e8021000 rw-p 00000000 00:00 0 
7fa4e8021000-7fa4ec000000 ---p 00000000 00:00 0 
7fa4ec000000-7fa4ec021000 rw-p 00000000 00:00 0 
7fa4ec021000-7fa4f0000000 ---p 00000000 00:00 0 
7fa4f0000000-7fa4f027f000 rw-p 00000000 00:00 0 
7fa4f027f000-7fa4f4000000 ---p 00000000 00:00 0 
7fa4f4000000-7fa4f4021000 rw-p 00000000 00:00 0 
7fa4f4021000-7fa4f8000000 ---p 00000000 00:00 0 
7fa4f8000000-7fa4f8002000 r--s 00005000 08:02 5770296                    /home/raimonda/.gradle/wrapper/dists/gradle-4.10.1-all/455itskqi2qtf0v2sja68alqd/gradle-4.10.1/lib/plugins/gradle-language-jvm-4.10.1.jar
7fa4f8002000-7fa4f800a000 r--s 0003e000 08:02 5770295                    /home/raimonda/.gradle/wrapper/dists/gradle-4.10.1-all/455itskqi2qtf0v2sja68alqd/gradle-4.10.1/lib/plugins/gradle-language-java-4.10.1.jar
7fa4f800a000-7fa4f800c000 r--s 0000b000 08:02 5770291                    /home/raimonda/.gradle/wrapper/dists/gradle-4.10.1-all/455itskqi2qtf0v2sja68alqd/gradle-4.10.1/lib/plugins/gradle-language-groovy-4.10.1.jar
7fa4f800c000-7fa4f8013000 r--s 00035000 08:02 5770343                    /home/raimonda/.gradle/wrapper/dists/gradle-4.10.1-all/455itskqi2qtf0v2sja68alqd/gradle-4.10.1/lib/plugins/simple-4.1.21.jar
7fa4f8013000-7fa4f801f000 r--s 00100000 08:02 5770341                    /home/raimonda/.gradle/wrapper/dists/gradle-4.10.1-all/455itskqi2qtf0v2sja68alqd/gradle-4.10.1/lib/plugins/rhino-1.7R3.jar
7fa4f801f000-7fa4f8023000 r--s 00012000 08:02 5770284                    /home/raimonda/.gradle/wrapper/dists/gradle-4.10.1-all/455itskqi2qtf0v2sja68alqd/gradle-4.10.1/lib/plugins/gradle-javascript-4.10.1.jar
7fa4f8023000-7fa4f8027000 r--s 00010000 08:02 5770286                    /home/raimonda/.gradle/wrapper/dists/gradle-4.10.1-all/455itskqi2qtf0v2sja68alqd/gradle-4.10.1/lib/plugins/gradle-jacoco-4.10.1.jar
7fa4f8027000-7fa4f802a000 r--s 00013000 08:02 5770285                    /home/raimonda/.gradle/wrapper/dists/gradle-4.10.1-all/455itskqi2qtf0v2sja68alqd/gradle-4.10.1/lib/plugins/gradle-ivy-4.10.1.jar
7fa4f802a000-7fa4f802b000 r--s 00002000 08:02 5770278                    /home/raimonda/.gradle/wrapper/dists/gradle-4.10.1-all/455itskqi2qtf0v2sja68alqd/gradle-4.10.1/lib/plugins/gradle-ide-play-4.10.1.jar
7fa4f802b000-7fa4f802c000 r--s 00011000 08:02 5770347                    /home/raimonda/.gradle/wrapper/dists/gradle-4.10.1-all/455itskqi2qtf0v2sja68alqd/gradle-4.10.1/lib/plugins/dd-plist-1.20.jar
7fa4f802c000-7fa4f8033000 r--s 00032000 08:02 5770273                    /home/raimonda/.gradle/wrapper/dists/gradle-4.10.1-all/455itskqi2qtf0v2sja68alqd/gradle-4.10.1/lib/plugins/gradle-ide-native-4.10.1.jar
7fa4f8033000-7fa4f803d000 r--s 0005c000 08:02 5770279                    /home/raimonda/.gradle/wrapper/dists/gradle-4.10.1-all/455itskqi2qtf0v2sja68alqd/gradle-4.10.1/lib/plugins/gradle-ide-4.10.1.jar
7fa4f803d000-7fa4f803f000 r--s 00008000 08:02 5770282                    /home/raimonda/.gradle/wrapper/dists/gradle-4.10.1-all/455itskqi2qtf0v2sja68alqd/gradle-4.10.1/lib/plugins/gradle-ear-4.10.1.jar
7fa4f803f000-7fa4f8041000 r--s 00005000 08:02 5770330                    /home/raimonda/.gradle/wrapper/dists/gradle-4.10.1-all/455itskqi2qtf0v2sja68alqd/gradle-4.10.1/lib/plugins/jatl-0.2.2.jar
7fa4f8041000-7fa4f8048000 r--s 0003d000 08:02 5770299                    /home/raimonda/.gradle/wrapper/dists/gradle-4.10.1-all/455itskqi2qtf0v2sja68alqd/gradle-4.10.1/lib/plugins/gradle-diagnostics-4.10.1.jar
7fa4f8048000-7fa4f804d000 r--s 00028000 08:02 5770269                    /home/raimonda/.gradle/wrapper/dists/gradle-4.10.1-all/455itskqi2qtf0v2sja68alqd/gradle-4.10.1/lib/plugins/gradle-code-quality-4.10.1.jar
7fa4f804d000-7fa4f804f000 r--s 0000b000 08:02 5770344                    /home/raimonda/.gradle/wrapper/dists/gradle-4.10.1-all/455itskqi2qtf0v2sja68alqd/gradle-4.10.1/lib/plugins/maven-plugin-api-3.0.4.jar
7fa4f804f000-7fa4f8051000 r--s 0000b000 08:02 5770366                    /home/raimonda/.gradle/wrapper/dists/gradle-4.10.1-all/455itskqi2qtf0v2sja68alqd/gradle-4.10.1/lib/plugins/wagon-provider-api-2.4.jar
7fa4f8051000-7fa4f8057000 r--s 0003f000 08:02 5770334                    /home/raimonda/.gradle/wrapper/dists/gradle-4.10.1-all/455itskqi2qtf0v2sja68alqd/gradle-4.10.1/lib/plugins/maven-compat-3.0.4.jar
7fa4f8057000-7fa4f805b000 r--s 0001d000 08:02 5770328                    /home/raimonda/.gradle/wrapper/dists/gradle-4.10.1-all/455itskqi2qtf0v2sja68alqd/gradle-4.10.1/lib/plugins/xbean-reflect-3.4.jar
7fa4f805b000-7fa4f805d000 r--s 00009000 08:02 5770378                    /home/raimonda/.gradle/wrapper/dists/gradle-4.10.1-all/455itskqi2qtf0v2sja68alqd/gradle-4.10.1/lib/plugins/hamcrest-core-1.3.jar
7fa4f805d000-7fa4f8065000 r--s 00045000 08:02 5770348                    /home/raimonda/.gradle/wrapper/dists/gradle-4.10.1-all/455itskqi2qtf0v2sja68alqd/gradle-4.10.1/lib/plugins/junit-4.12.jar
7fa4f8065000-7fa4f8067000 r--s 0000a000 08:02 5770367                    /home/raimonda/.gradle/wrapper/dists/gradle-4.10.1-all/455itskqi2qtf0v2sja68alqd/gradle-4.10.1/lib/plugins/plexus-classworlds-2.4.jar
7fa4f8067000-7fa4f806e000 r--s 0002e000 08:02 5770327                    /home/raimonda/.gradle/wrapper/dists/gradle-4.10.1-all/455itskqi2qtf0v2sja68alqd/gradle-4.10.1/lib/plugins/plexus-container-default-1.5.5.jar
7fa4f806e000-7fa4f8074000 r--s 00026000 08:02 5770287                    /home/raimonda/.gradle/wrapper/dists/gradle-4.10.1-all/455itskqi2qtf0v2sja68alqd/gradle-4.10.1/lib/plugins/gradle-build-init-4.10.1.jar
7fa4f8074000-7fa4f807b000 r--s 0002d000 08:02 5770281                    /home/raimonda/.gradle/wrapper/dists/gradle-4.10.1-all/455itskqi2qtf0v2sja68alqd/gradle-4.10.1/lib/plugins/gradle-build-comparison-4.10.1.jar
7fa4f807b000-7fa4f807c000 r--s 00002000 08:02 5770310                    /home/raimonda/.gradle/wrapper/dists/gradle-4.10.1-all/455itskqi2qtf0v2sja68alqd/gradle-4.10.1/lib/plugins/gradle-build-cache-http-4.10.1.jar
7fa4f807c000-7fa4f807e000 r--s 00009000 08:02 5770268                    /home/raimonda/.gradle/wrapper/dists/gradle-4.10.1-all/455itskqi2qtf0v2sja68alqd/gradle-4.10.1/lib/plugins/gradle-antlr-4.10.1.jar
7fa4f807e000-7fa4f8080000 r--s 00004000 08:02 5770267                    /home/raimonda/.gradle/wrapper/dists/gradle-4.10.1-all/455itskqi2qtf0v2sja68alqd/gradle-4.10.1/lib/plugins/gradle-announce-4.10.1.jar
7fa4f8080000-7fa4f8082000 r--s 00011000 08:02 5770010                    /home/raimonda/.gradle/wrapper/dists/gradle-4.10.1-all/455itskqi2qtf0v2sja68alqd/gradle-4.10.1/lib/gradle-kotlin-dsl-tooling-builders-1.0-rc-6.jar
7fa4f8082000-7fa4f8084000 r--s 00005000 08:02 5770009                    /home/raimonda/.gradle/wrapper/dists/gradle-4.10.1-all/455itskqi2qtf0v2sja68alqd/gradle-4.10.1/lib/gradle-kotlin-dsl-provider-plugins-1.0-rc-6.jar
7fa4f8084000-7fa4f8086000 r--s 0000c000 08:02 5770303                    /home/raimonda/.gradle/wrapper/dists/gradle-4.10.1-all/455itskqi2qtf0v2sja68alqd/gradle-4.10.1/lib/plugins/gradle-plugin-use-4.10.1.jar
7fa4f8086000-7fa4f8087000 r--s 00000000 08:02 5770021                    /home/raimonda/.gradle/wrapper/dists/gradle-4.10.1-all/455itskqi2qtf0v2sja68alqd/gradle-4.10.1/lib/gradle-runtime-api-info-4.10.1.jar
7fa4f8087000-7fa4f80a0000 r--s 0013a000 08:02 5770353                    /home/raimonda/.gradle/wrapper/dists/gradle-4.10.1-all/455itskqi2qtf0v2sja68alqd/gradle-4.10.1/lib/plugins/xercesImpl-2.12.0.jar
7fa4f80a0000-7fa4f80a3000 r--s 0001c000 08:02 5770352                    /home/raimonda/.gradle/wrapper/dists/gradle-4.10.1-all/455itskqi2qtf0v2sja68alqd/gradle-4.10.1/lib/plugins/nekohtml-1.9.20.jar
7fa4f80a3000-7fa4f80a9000 r--s 0005b000 08:02 5770351                    /home/raimonda/.gradle/wrapper/dists/gradle-4.10.1-all/455itskqi2qtf0v2sja68alqd/gradle-4.10.1/lib/plugins/jcifs-1.3.17.jar
7fa4f80a9000-7fa4f80ac000 r--s 0000d000 08:02 5770311                    /home/raimonda/.gradle/wrapper/dists/gradle-4.10.1-all/455itskqi2qtf0v2sja68alqd/gradle-4.10.1/lib/plugins/gradle-resources-http-4.10.1.jar
7fa4f80ac000-7fa4f80b1000 r--s 00040000 08:02 5770354                    /home/raimonda/.gradle/wrapper/dists/gradle-4.10.1-all/455itskqi2qtf0v2sja68alqd/gradle-4.10.1/lib/plugins/jsch-0.1.54.jar
7fa4f80b1000-7fa4f80d4000 r--s 00223000 08:02 5770317                    /home/raimonda/.gradle/wrapper/dists/gradle-4.10.1-all/455itskqi2qtf0v2sja68alqd/gradle-4.10.1/lib/plugins/org.eclipse.jgit-4.5.3.201708160445-r.jar
7fa4f80d4000-7fa4f80db000 r--s 00049000 08:02 5770377                    /home/raimonda/.gradle/wrapper/dists/gradle-4.10.1-all/455itskqi2qtf0v2sja68alqd/gradle-4.10.1/lib/plugins/httpcore-4.4.9.jar
7fa4f80db000-7fa4f80e2000 r--s 0003f000 08:02 5770326                    /home/raimonda/.gradle/wrapper/dists/gradle-4.10.1-all/455itskqi2qtf0v2sja68alqd/gradle-4.10.1/lib/plugins/commons-codec-1.10.jar
7fa4f80e2000-7fa4f80f0000 r--s 000ae000 08:02 5770325                    /home/raimonda/.gradle/wrapper/dists/gradle-4.10.1-all/455itskqi2qtf0v2sja68alqd/gradle-4.10.1/lib/plugins/httpclient-4.5.5.jar
7fa4f80f0000-7fa4f80f2000 r--s 0000c000 08:02 5770304                    /home/raimonda/.gradle/wrapper/dists/gradle-4.10.1-all/455itskqi2qtf0v2sja68alqd/gradle-4.10.1/lib/plugins/gradle-version-control-4.10.1.jar
7fa4f80f2000-7fa4f80f4000 r--s 0000d000 08:02 5770306                    /home/raimonda/.gradle/wrapper/dists/gradle-4.10.1-all/455itskqi2qtf0v2sja68alqd/gradle-4.10.1/lib/plugins/gradle-composite-builds-4.10.1.jar
7fa4f80f4000-7fa4f80f5000 r--s 00000000 08:02 5770024                    /home/raimonda/.gradle/wrapper/dists/gradle-4.10.1-all/455itskqi2qtf0v2sja68alqd/gradle-4.10.1/lib/gradle-installation-beacon-4.10.1.jar
7fa4f80f5000-7fa4f80f7000 r--s 00006000 08:02 5770374                    /home/raimonda/.gradle/wrapper/dists/gradle-4.10.1-all/455itskqi2qtf0v2sja68alqd/gradle-4.10.1/lib/plugins/maven-repository-metadata-3.0.4.jar
7fa4f80f7000-7fa4f80f9000 r--s 0000c000 08:02 5770361                    /home/raimonda/.gradle/wrapper/dists/gradle-4.10.1-all/455itskqi2qtf0v2sja68alqd/gradle-4.10.1/lib/plugins/maven-aether-provider-3.0.4.jar
7fa4f80f9000-7fa4f80fd000 r--s 00021000 08:02 5770368                    /home/raimonda/.gradle/wrapper/dists/gradle-4.10.1-all/455itskqi2qtf0v2sja68alqd/gradle-4.10.1/lib/plugins/maven-model-builder-3.0.4.jar
7fa4f80fd000-7fa4f80ff000 r--s 00026000 08:02 5770369                    /home/raimonda/.gradle/wrapper/dists/gradle-4.10.1-all/455itskqi2qtf0v2sja68alqd/gradle-4.10.1/lib/plugins/maven-model-3.0.4.jar
7fa4f80ff000-7fa4f8101000 r--s 0000a000 08:02 5770372                    /home/raimonda/.gradle/wrapper/dists/gradle-4.10.1-all/455itskqi2qtf0v2sja68alqd/gradle-4.10.1/lib/plugins/maven-settings-3.0.4.jar
7fa4f8101000-7fa4f8103000 r--s 00002000 08:02 5770386                    /home/raimonda/.gradle/wrapper/dists/gradle-4.10.1-all/455itskqi2qtf0v2sja68alqd/gradle-4.10.1/lib/plugins/plexus-cipher-1.7.jar
7fa4f8103000-7fa4f8104000 r--s 00006000 08:02 5770373                    /home/raimonda/.gradle/wrapper/dists/gradle-4.10.1-all/455itskqi2qtf0v2sja68alqd/gradle-4.10.1/lib/plugins/plexus-sec-dispatcher-1.3.jar
7fa4f8104000-7fa4f8106000 r--s 0000d000 08:02 5770383                    /home/raimonda/.gradle/wrapper/dists/gradle-4.10.1-all/455itskqi2qtf0v2sja68alqd/gradle-4.10.1/lib/plugins/plexus-interpolation-1.14.jar
7fa4f8106000-7fa4f8108000 r--s 00000000 08:02 5770384                    /home/raimonda/.gradle/wrapper/dists/gradle-4.10.1-all/455itskqi2qtf0v2sja68alqd/gradle-4.10.1/lib/plugins/plexus-component-annotations-1.5.5.jar
7fa4f8108000-7fa4f810b000 r--s 00008000 08:02 5770370                    /home/raimonda/.gradle/wrapper/dists/gradle-4.10.1-all/455itskqi2qtf0v2sja68alqd/gradle-4.10.1/lib/plugins/maven-settings-builder-3.0.4.jar
7fa4f810b000-7fa4f810f000 r--s 00035000 08:02 5770375                    /home/raimonda/.gradle/wrapper/dists/gradle-4.10.1-all/455itskqi2qtf0v2sja68alqd/gradle-4.10.1/lib/plugins/plexus-utils-3.0.8.jar
7fa4f810f000-7fa4f8111000 r--s 0000b000 08:02 5770371                    /home/raimonda/.gradle/wrapper/dists/gradle-4.10.1-all/455itskqi2qtf0v2sja68alqd/gradle-4.10.1/lib/plugins/maven-artifact-3.0.4.jar
7fa4f8111000-7fa4f8114000 r--s 0001d000 08:02 5770362                    /home/raimonda/.gradle/wrapper/dists/gradle-4.10.1-all/455itskqi2qtf0v2sja68alqd/gradle-4.10.1/lib/plugins/aether-impl-1.13.1.jar
7fa4f8114000-7fa4f8118000 r--s 0001c000 08:02 5770364                    /home/raimonda/.gradle/wrapper/dists/gradle-4.10.1-all/455itskqi2qtf0v2sja68alqd/gradle-4.10.1/lib/plugins/aether-util-1.13.1.jar
7fa4f8118000-7fa4f811b000 r--s 00013000 08:02 5770365                    /home/raimonda/.gradle/wrapper/dists/gradle-4.10.1-all/455itskqi2qtf0v2sja68alqd/gradle-4.10.1/lib/plugins/aether-api-1.13.1.jar
7fa4f811b000-7fa4f8127000 r--s 0007d000 08:02 5770335                    /home/raimonda/.gradle/wrapper/dists/gradle-4.10.1-all/455itskqi2qtf0v2sja68alqd/gradle-4.10.1/lib/plugins/maven-core-3.0.4.jar
7fa4f8127000-7fa4f817a000 r--s 00373000 08:02 5770360                    /home/raimonda/.gradle/wrapper/dists/gradle-4.10.1-all/455itskqi2qtf0v2sja68alqd/gradle-4.10.1/lib/plugins/bcprov-jdk15on-1.58.jar
7fa4f817a000-7fa4f82f3000 r-xp 00000000 08:02 3023507                    /usr/lib/x86_64-linux-gnu/libstdc++.so.6.0.25
7fa4f82f3000-7fa4f84f3000 ---p 00179000 08:02 3023507                    /usr/lib/x86_64-linux-gnu/libstdc++.so.6.0.25
7fa4f84f3000-7fa4f84fd000 r--p 00179000 08:02 3023507                    /usr/lib/x86_64-linux-gnu/libstdc++.so.6.0.25
7fa4f84fd000-7fa4f84ff000 rw-p 00183000 08:02 3023507                    /usr/lib/x86_64-linux-gnu/libstdc++.so.6.0.25
7fa4f84ff000-7fa4f8503000 rw-p 00000000 00:00 0 
7fa4f8503000-7fa4f8508000 r-xp 00000000 08:02 5771068                    /home/raimonda/.gradle/native/25/linux-amd64/libnative-platform.so
7fa4f8508000-7fa4f8707000 ---p 00005000 08:02 5771068                    /home/raimonda/.gradle/native/25/linux-amd64/libnative-platform.so
7fa4f8707000-7fa4f8708000 rw-p 00004000 08:02 5771068                    /home/raimonda/.gradle/native/25/linux-amd64/libnative-platform.so
7fa4f8708000-7fa4f8719000 r-xp 00000000 08:02 6032524                    /opt/android-studio/jre/jre/lib/amd64/libnio.so
7fa4f8719000-7fa4f8918000 ---p 00011000 08:02 6032524                    /opt/android-studio/jre/jre/lib/amd64/libnio.so
7fa4f8918000-7fa4f8919000 r--p 00010000 08:02 6032524                    /opt/android-studio/jre/jre/lib/amd64/libnio.so
7fa4f8919000-7fa4f891a000 rw-p 00011000 08:02 6032524                    /opt/android-studio/jre/jre/lib/amd64/libnio.so
7fa4f891a000-7fa4fb91b000 rw-p 00000000 00:00 0 
7fa4fb91b000-7fa4fb931000 r-xp 00000000 08:02 6032533                    /opt/android-studio/jre/jre/lib/amd64/libnet.so
7fa4fb931000-7fa4fbb30000 ---p 00016000 08:02 6032533                    /opt/android-studio/jre/jre/lib/amd64/libnet.so
7fa4fbb30000-7fa4fbb31000 r--p 00015000 08:02 6032533                    /opt/android-studio/jre/jre/lib/amd64/libnet.so
7fa4fbb31000-7fa4fbb32000 rw-p 00016000 08:02 6032533                    /opt/android-studio/jre/jre/lib/amd64/libnet.so
7fa4fbb32000-7fa4fbcfd000 r--s 019b7000 08:02 5770012                    /home/raimonda/.gradle/wrapper/dists/gradle-4.10.1-all/455itskqi2qtf0v2sja68alqd/gradle-4.10.1/lib/kotlin-compiler-embeddable-1.2.61.jar
7fa4fbcfd000-7fa4fbcfe000 ---p 00000000 00:00 0 
7fa4fbcfe000-7fa4fbdfe000 rw-p 00000000 00:00 0 
7fa4fbdfe000-7fa4fbe01000 ---p 00000000 00:00 0 
7fa4fbe01000-7fa4fbeff000 rw-p 00000000 00:00 0 
7fa4fbeff000-7fa4fbf00000 ---p 00000000 00:00 0 
7fa4fbf00000-7fa4fbf03000 ---p 00000000 00:00 0 
7fa4fbf03000-7fa4fc000000 rw-p 00000000 00:00 0 
7fa4fc000000-7fa4fc023000 rw-p 00000000 00:00 0 
7fa4fc023000-7fa500000000 ---p 00000000 00:00 0 
7fa500000000-7fa500001000 r--s 00003000 08:02 5770363                    /home/raimonda/.gradle/wrapper/dists/gradle-4.10.1-all/455itskqi2qtf0v2sja68alqd/gradle-4.10.1/lib/plugins/aether-spi-1.13.1.jar
7fa500001000-7fa500010000 r--s 000d9000 08:02 5770333                    /home/raimonda/.gradle/wrapper/dists/gradle-4.10.1-all/455itskqi2qtf0v2sja68alqd/gradle-4.10.1/lib/plugins/ivy-2.2.0.jar
7fa500010000-7fa500015000 r--s 00034000 08:02 5770342                    /home/raimonda/.gradle/wrapper/dists/gradle-4.10.1-all/455itskqi2qtf0v2sja68alqd/gradle-4.10.1/lib/plugins/gson-2.7.jar
7fa500015000-7fa500017000 r--s 00012000 08:02 5770329                    /home/raimonda/.gradle/wrapper/dists/gradle-4.10.1-all/455itskqi2qtf0v2sja68alqd/gradle-4.10.1/lib/plugins/asm-util-6.2.jar
7fa500017000-7fa500047000 r--s 0018f000 08:02 5770305                    /home/raimonda/.gradle/wrapper/dists/gradle-4.10.1-all/455itskqi2qtf0v2sja68alqd/gradle-4.10.1/lib/plugins/gradle-dependency-management-4.10.1.jar
7fa500047000-7fa500049000 r--s 0000e000 08:02 5770313                    /home/raimonda/.gradle/wrapper/dists/gradle-4.10.1-all/455itskqi2qtf0v2sja68alqd/gradle-4.10.1/lib/plugins/gradle-workers-4.10.1.jar
7fa500049000-7fa50004b000 r--s 00006000 08:02 5770023                    /home/raimonda/.gradle/wrapper/dists/gradle-4.10.1-all/455itskqi2qtf0v2sja68alqd/gradle-4.10.1/lib/gradle-wrapper-4.10.1.jar
7fa50004b000-7fa50005a000 r--s 0004b000 08:02 5770022                    /home/raimonda/.gradle/wrapper/dists/gradle-4.10.1-all/455itskqi2qtf0v2sja68alqd/gradle-4.10.1/lib/gradle-tooling-api-4.10.1.jar
7fa50005a000-7fa50005c000 r--s 00002000 08:02 5770019                    /home/raimonda/.gradle/wrapper/dists/gradle-4.10.1-all/455itskqi2qtf0v2sja68alqd/gradle-4.10.1/lib/kotlin-stdlib-jdk8-1.2.61.jar
7fa50005c000-7fa50005d000 r--s 00000000 08:02 5770018                    /home/raimonda/.gradle/wrapper/dists/gradle-4.10.1-all/455itskqi2qtf0v2sja68alqd/gradle-4.10.1/lib/kotlin-stdlib-jdk7-1.2.61.jar
7fa50005d000-7fa500063000 r--s 00015000 08:02 5770017                    /home/raimonda/.gradle/wrapper/dists/gradle-4.10.1-all/455itskqi2qtf0v2sja68alqd/gradle-4.10.1/lib/kotlin-stdlib-common-1.2.61.jar
7fa500063000-7fa500073000 r--s 000db000 08:02 5770016                    /home/raimonda/.gradle/wrapper/dists/gradle-4.10.1-all/455itskqi2qtf0v2sja68alqd/gradle-4.10.1/lib/kotlin-stdlib-1.2.61.jar
7fa500073000-7fa500075000 r--s 00009000 08:02 5770015                    /home/raimonda/.gradle/wrapper/dists/gradle-4.10.1-all/455itskqi2qtf0v2sja68alqd/gradle-4.10.1/lib/kotlin-script-runtime-1.2.61.jar
7fa500075000-7fa500076000 r--s 00002000 08:02 5770014                    /home/raimonda/.gradle/wrapper/dists/gradle-4.10.1-all/455itskqi2qtf0v2sja68alqd/gradle-4.10.1/lib/kotlin-sam-with-receiver-compiler-plugin-1.2.61.jar
7fa500076000-7fa5000ab000 r--s 00241000 08:02 5770013                    /home/raimonda/.gradle/wrapper/dists/gradle-4.10.1-all/455itskqi2qtf0v2sja68alqd/gradle-4.10.1/lib/kotlin-reflect-1.2.61.jar
7fa5000ab000-7fa5000ad000 r--s 00000000 08:02 5770011                    /home/raimonda/.gradle/wrapper/dists/gradle-4.10.1-all/455itskqi2qtf0v2sja68alqd/gradle-4.10.1/lib/gradle-kotlin-dsl-tooling-models-1.0-rc-6.jar
7fa5000ad000-7fa5000af000 r--s 00003000 08:02 5770007                    /home/raimonda/.gradle/wrapper/dists/gradle-4.10.1-all/455itskqi2qtf0v2sja68alqd/gradle-4.10.1/lib/annotations-13.0.jar
7fa5000af000-7fa5000c3000 r--s 00109000 08:02 5770008                    /home/raimonda/.gradle/wrapper/dists/gradle-4.10.1-all/455itskqi2qtf0v2sja68alqd/gradle-4.10.1/lib/gradle-kotlin-dsl-1.0-rc-6.jar
7fa5000c3000-7fa5000c7000 r--s 00013000 08:02 5770028                    /home/raimonda/.gradle/wrapper/dists/gradle-4.10.1-all/455itskqi2qtf0v2sja68alqd/gradle-4.10.1/lib/gradle-build-cache-4.10.1.jar
7fa5000c7000-7fa5000cd000 r--s 00034000 08:02 5770029                    /home/raimonda/.gradle/wrapper/dists/gradle-4.10.1-all/455itskqi2qtf0v2sja68alqd/gradle-4.10.1/lib/gradle-persistent-cache-4.10.1.jar
7fa5000cd000-7fa5000d2000 r--s 00015000 08:02 5770033                    /home/raimonda/.gradle/wrapper/dists/gradle-4.10.1-all/455itskqi2qtf0v2sja68alqd/gradle-4.10.1/lib/gradle-resources-4.10.1.jar
7fa5000d2000-7fa5000d3000 r--s 00003000 08:02 5770040                    /home/raimonda/.gradle/wrapper/dists/gradle-4.10.1-all/455itskqi2qtf0v2sja68alqd/gradle-4.10.1/lib/gradle-build-option-4.10.1.jar
7fa5000d3000-7fa5000d4000 r--s 00006000 08:02 5770041                    /home/raimonda/.gradle/wrapper/dists/gradle-4.10.1-all/455itskqi2qtf0v2sja68alqd/gradle-4.10.1/lib/gradle-cli-4.10.1.jar
7fa5000d4000-7fa5000d6000 r--s 00004000 08:02 5770220                    /home/raimonda/.gradle/wrapper/dists/gradle-4.10.1-all/455itskqi2qtf0v2sja68alqd/gradle-4.10.1/lib/log4j-over-slf4j-1.7.16.jar
7fa5000d6000-7fa5000d8000 r--s 00000000 08:02 5770100                    /home/raimonda/.gradle/wrapper/dists/gradle-4.10.1-all/455itskqi2qtf0v2sja68alqd/gradle-4.10.1/lib/jul-to-slf4j-1.7.16.jar
7fa5000d8000-7fa5000da000 r--s 00003000 08:02 5770098                    /home/raimonda/.gradle/wrapper/dists/gradle-4.10.1-all/455itskqi2qtf0v2sja68alqd/gradle-4.10.1/lib/jcl-over-slf4j-1.7.16.jar
7fa5000da000-7fa5000e2000 r--s 00035000 08:02 5770030                    /home/raimonda/.gradle/wrapper/dists/gradle-4.10.1-all/455itskqi2qtf0v2sja68alqd/gradle-4.10.1/lib/gradle-logging-4.10.1.jar
7fa5000e2000-7fa5000f1000 r--s 00085000 08:02 5770036                    /home/raimonda/.gradle/wrapper/dists/gradle-4.10.1-all/455itskqi2qtf0v2sja68alqd/gradle-4.10.1/lib/gradle-model-core-4.10.1.jar
7fa5000f1000-7fa5000f3000 r--s 00006000 08:02 5770037                    /home/raimonda/.gradle/wrapper/dists/gradle-4.10.1-all/455itskqi2qtf0v2sja68alqd/gradle-4.10.1/lib/gradle-base-services-groovy-4.10.1.jar
7fa5000f3000-7fa5000fc000 r--s 0002d000 08:02 5770246                    /home/raimonda/.gradle/wrapper/dists/gradle-4.10.1-all/455itskqi2qtf0v2sja68alqd/gradle-4.10.1/lib/xml-apis-1.4.01.jar
7fa5000fc000-7fa5000fd000 ---p 00000000 00:00 0 
7fa5000fd000-7fa500100000 ---p 00000000 00:00 0 
7fa500100000-7fa5001fd000 rw-p 00000000 00:00 0 
7fa5001fd000-7fa5001fe000 ---p 00000000 00:00 0 
7fa5001fe000-7fa500201000 ---p 00000000 00:00 0 
7fa500201000-7fa5002fe000 rw-p 00000000 00:00 0 
7fa5002fe000-7fa500301000 ---p 00000000 00:00 0 
7fa500301000-7fa5003ff000 rw-p 00000000 00:00 0 
7fa5003ff000-7fa500eff000 r--p 00000000 08:02 3021404                    /usr/lib/locale/locale-archive
7fa500eff000-7fa500f02000 ---p 00000000 00:00 0 
7fa500f02000-7fa504000000 rw-p 00000000 00:00 0 
7fa504000000-7fa504021000 rw-p 00000000 00:00 0 
7fa504021000-7fa508000000 ---p 00000000 00:00 0 
7fa508000000-7fa508002000 r--s 00007000 08:02 5770035                    /home/raimonda/.gradle/wrapper/dists/gradle-4.10.1-all/455itskqi2qtf0v2sja68alqd/gradle-4.10.1/lib/gradle-model-groovy-4.10.1.jar
7fa508002000-7fa508003000 r--s 00006000 08:02 5770048                    /home/raimonda/.gradle/wrapper/dists/gradle-4.10.1-all/455itskqi2qtf0v2sja68alqd/gradle-4.10.1/lib/gradle-docs-4.10.1.jar
7fa508003000-7fa508004000 r--s 00000000 08:02 5770242                    /home/raimonda/.gradle/wrapper/dists/gradle-4.10.1-all/455itskqi2qtf0v2sja68alqd/gradle-4.10.1/lib/javax.inject-1.jar
7fa508004000-7fa508075000 r--s 00665000 08:02 5770240                    /home/raimonda/.gradle/wrapper/dists/gradle-4.10.1-all/455itskqi2qtf0v2sja68alqd/gradle-4.10.1/lib/groovy-all-2.4.15.jar
7fa508075000-7fa50807f000 r--s 00078000 08:02 5770245                    /home/raimonda/.gradle/wrapper/dists/gradle-4.10.1-all/455itskqi2qtf0v2sja68alqd/gradle-4.10.1/lib/commons-compress-1.14.jar
7fa50807f000-7fa50808c000 r--s 00083000 08:02 5770243                    /home/raimonda/.gradle/wrapper/dists/gradle-4.10.1-all/455itskqi2qtf0v2sja68alqd/gradle-4.10.1/lib/commons-collections-3.2.2.jar
7fa50808c000-7fa50808d000 r--s 00007000 08:02 5770051                    /home/raimonda/.gradle/wrapper/dists/gradle-4.10.1-all/455itskqi2qtf0v2sja68alqd/gradle-4.10.1/lib/asm-analysis-6.2.jar
7fa50808d000-7fa50808f000 r--s 0000b000 08:02 5770052                    /home/raimonda/.gradle/wrapper/dists/gradle-4.10.1-all/455itskqi2qtf0v2sja68alqd/gradle-4.10.1/lib/asm-tree-6.2.jar
7fa50808f000-7fa508091000 r--s 00012000 08:02 5770050                    /home/raimonda/.gradle/wrapper/dists/gradle-4.10.1-all/455itskqi2qtf0v2sja68alqd/gradle-4.10.1/lib/asm-commons-6.2.jar
7fa508091000-7fa508092000 r--s 00004000 08:02 5770249                    /home/raimonda/.gradle/wrapper/dists/gradle-4.10.1-all/455itskqi2qtf0v2sja68alqd/gradle-4.10.1/lib/native-platform-freebsd-amd64-libcpp-0.14.jar
7fa508092000-7fa508093000 r--s 00004000 08:02 5770250                    /home/raimonda/.gradle/wrapper/dists/gradle-4.10.1-all/455itskqi2qtf0v2sja68alqd/gradle-4.10.1/lib/native-platform-freebsd-amd64-libstdcpp-0.14.jar
7fa508093000-7fa508094000 r--s 00004000 08:02 5770251                    /home/raimonda/.gradle/wrapper/dists/gradle-4.10.1-all/455itskqi2qtf0v2sja68alqd/gradle-4.10.1/lib/native-platform-freebsd-i386-libcpp-0.14.jar
7fa508094000-7fa508095000 r--s 00003000 08:02 5770252                    /home/raimonda/.gradle/wrapper/dists/gradle-4.10.1-all/455itskqi2qtf0v2sja68alqd/gradle-4.10.1/lib/native-platform-freebsd-i386-libstdcpp-0.14.jar
7fa508095000-7fa508096000 r--s 00002000 08:02 5770253                    /home/raimonda/.gradle/wrapper/dists/gradle-4.10.1-all/455itskqi2qtf0v2sja68alqd/gradle-4.10.1/lib/native-platform-linux-amd64-0.14.jar
7fa508096000-7fa508097000 r--s 00002000 08:02 5770254                    /home/raimonda/.gradle/wrapper/dists/gradle-4.10.1-all/455itskqi2qtf0v2sja68alqd/gradle-4.10.1/lib/native-platform-linux-i386-0.14.jar
7fa508097000-7fa508099000 r--s 00002000 08:02 5770255                    /home/raimonda/.gradle/wrapper/dists/gradle-4.10.1-all/455itskqi2qtf0v2sja68alqd/gradle-4.10.1/lib/native-platform-osx-amd64-0.14.jar
7fa508099000-7fa50809a000 r--s 00003000 08:02 5770256                    /home/raimonda/.gradle/wrapper/dists/gradle-4.10.1-all/455itskqi2qtf0v2sja68alqd/gradle-4.10.1/lib/native-platform-osx-i386-0.14.jar
7fa50809a000-7fa50809c000 r--s 0000b000 08:02 5770257                    /home/raimonda/.gradle/wrapper/dists/gradle-4.10.1-all/455itskqi2qtf0v2sja68alqd/gradle-4.10.1/lib/native-platform-windows-amd64-0.14.jar
7fa50809c000-7fa50809d000 r--s 0000b000 08:02 5770258                    /home/raimonda/.gradle/wrapper/dists/gradle-4.10.1-all/455itskqi2qtf0v2sja68alqd/gradle-4.10.1/lib/native-platform-windows-i386-0.14.jar
7fa50809d000-7fa50809e000 r--s 00001000 08:02 5770259                    /home/raimonda/.gradle/wrapper/dists/gradle-4.10.1-all/455itskqi2qtf0v2sja68alqd/gradle-4.10.1/lib/native-platform-linux-amd64-ncurses5-0.14.jar
7fa50809e000-7fa50809f000 r--s 00001000 08:02 5770260                    /home/raimonda/.gradle/wrapper/dists/gradle-4.10.1-all/455itskqi2qtf0v2sja68alqd/gradle-4.10.1/lib/native-platform-linux-amd64-ncurses6-0.14.jar
7fa50809f000-7fa5080a0000 r--s 00001000 08:02 5770261                    /home/raimonda/.gradle/wrapper/dists/gradle-4.10.1-all/455itskqi2qtf0v2sja68alqd/gradle-4.10.1/lib/native-platform-linux-i386-ncurses5-0.14.jar
7fa5080a0000-7fa5080a4000 r--s 00012000 08:02 5770244                    /home/raimonda/.gradle/wrapper/dists/gradle-4.10.1-all/455itskqi2qtf0v2sja68alqd/gradle-4.10.1/lib/native-platform-0.14.jar
7fa5080a4000-7fa5080a7000 r--s 00023000 08:02 5770247                    /home/raimonda/.gradle/wrapper/dists/gradle-4.10.1-all/455itskqi2qtf0v2sja68alqd/gradle-4.10.1/lib/jansi-1.14.jar
7fa5080a7000-7fa5080ab000 r--s 0000c000 08:02 5770034                    /home/raimonda/.gradle/wrapper/dists/gradle-4.10.1-all/455itskqi2qtf0v2sja68alqd/gradle-4.10.1/lib/gradle-native-4.10.1.jar
7fa5080ab000-7fa5080ad000 r--s 0000f000 08:02 5770055                    /home/raimonda/.gradle/wrapper/dists/gradle-4.10.1-all/455itskqi2qtf0v2sja68alqd/gradle-4.10.1/lib/reflectasm-1.07-shaded.jar
7fa5080ad000-7fa5080af000 r--s 00000000 08:02 5770263                    /home/raimonda/.gradle/wrapper/dists/gradle-4.10.1-all/455itskqi2qtf0v2sja68alqd/gradle-4.10.1/lib/minlog-1.2.jar
7fa5080af000-7fa5080b1000 r--s 00007000 08:02 5770264                    /home/raimonda/.gradle/wrapper/dists/gradle-4.10.1-all/455itskqi2qtf0v2sja68alqd/gradle-4.10.1/lib/objenesis-1.2.jar
7fa5080b1000-7fa5080b5000 r--s 00026000 08:02 5770054                    /home/raimonda/.gradle/wrapper/dists/gradle-4.10.1-all/455itskqi2qtf0v2sja68alqd/gradle-4.10.1/lib/kryo-2.20.jar
7fa5080b5000-7fa5080bc000 r--s 0002d000 08:02 5770038                    /home/raimonda/.gradle/wrapper/dists/gradle-4.10.1-all/455itskqi2qtf0v2sja68alqd/gradle-4.10.1/lib/gradle-messaging-4.10.1.jar
7fa5080bc000-7fa5080be000 r--s 00006000 08:02 5770031                    /home/raimonda/.gradle/wrapper/dists/gradle-4.10.1-all/455itskqi2qtf0v2sja68alqd/gradle-4.10.1/lib/gradle-process-services-4.10.1.jar
7fa5080be000-7fa5080c0000 r--s 00000000 08:02 5770026                    /home/raimonda/.gradle/wrapper/dists/gradle-4.10.1-all/455itskqi2qtf0v2sja68alqd/gradle-4.10.1/lib/gradle-jvm-services-4.10.1.jar
7fa5080c0000-7fa5080c2000 r--s 00006000 08:02 5770237                    /home/raimonda/.gradle/wrapper/dists/gradle-4.10.1-all/455itskqi2qtf0v2sja68alqd/gradle-4.10.1/lib/jsr305-2.0.1.jar
7fa5080c2000-7fa5080ea000 r--s 001cf000 08:02 5770236                    /home/raimonda/.gradle/wrapper/dists/gradle-4.10.1-all/455itskqi2qtf0v2sja68alqd/gradle-4.10.1/lib/guava-jdk5-17.0.jar
7fa5080ea000-7fa5080ed000 r--s 0001a000 08:02 5770238                    /home/raimonda/.gradle/wrapper/dists/gradle-4.10.1-all/455itskqi2qtf0v2sja68alqd/gradle-4.10.1/lib/fastutil-7.2.1-min.jar
7fa5080ed000-7fa5080f1000 r--s 0002a000 08:02 5770070                    /home/raimonda/.gradle/wrapper/dists/gradle-4.10.1-all/455itskqi2qtf0v2sja68alqd/gradle-4.10.1/lib/commons-io-2.4.jar
7fa5080f1000-7fa5080f4000 ---p 00000000 00:00 0 
7fa5080f4000-7fa5081f2000 rw-p 00000000 00:00 0 
7fa5081f2000-7fa5081f3000 ---p 00000000 00:00 0 
7fa5081f3000-7fa509000000 rw-p 00000000 00:00 0 
7fa509000000-7fa509520000 rwxp 00000000 00:00 0 
7fa509520000-7fa518000000 ---p 00000000 00:00 0 
7fa518000000-7fa518f82000 rw-p 00000000 00:00 0 
7fa518f82000-7fa51c000000 ---p 00000000 00:00 0 
7fa51c000000-7fa51c001000 r--s 00001000 08:02 5770262                    /home/raimonda/.gradle/wrapper/dists/gradle-4.10.1-all/455itskqi2qtf0v2sja68alqd/gradle-4.10.1/lib/native-platform-linux-i386-ncurses6-0.14.jar
7fa51c001000-7fa51c002000 r--s 00000000 08:02 5770239                    /home/raimonda/.gradle/wrapper/dists/gradle-4.10.1-all/455itskqi2qtf0v2sja68alqd/gradle-4.10.1/lib/jcip-annotations-1.0.jar
7fa51c002000-7fa51c004000 r--s 0001a000 08:02 5770061                    /home/raimonda/.gradle/wrapper/dists/gradle-4.10.1-all/455itskqi2qtf0v2sja68alqd/gradle-4.10.1/lib/asm-6.2.jar
7fa51c004000-7fa51c009000 r--s 00041000 08:02 5770071                    /home/raimonda/.gradle/wrapper/dists/gradle-4.10.1-all/455itskqi2qtf0v2sja68alqd/gradle-4.10.1/lib/commons-lang-2.6.jar
7fa51c009000-7fa51c028000 r--s 001d9000 08:02 5770241                    /home/raimonda/.gradle/wrapper/dists/gradle-4.10.1-all/455itskqi2qtf0v2sja68alqd/gradle-4.10.1/lib/ant-1.9.11.jar
7fa51c028000-7fa51c06e000 r--s 00265000 08:02 5770025                    /home/raimonda/.gradle/wrapper/dists/gradle-4.10.1-all/455itskqi2qtf0v2sja68alqd/gradle-4.10.1/lib/gradle-core-4.10.1.jar
7fa51c06e000-7fa51c07b000 r--s 00037000 08:02 5770027                    /home/raimonda/.gradle/wrapper/dists/gradle-4.10.1-all/455itskqi2qtf0v2sja68alqd/gradle-4.10.1/lib/gradle-core-api-4.10.1.jar
7fa51c07b000-7fa51c088000 r--s 00068000 08:02 5770020                    /home/raimonda/.gradle/wrapper/dists/gradle-4.10.1-all/455itskqi2qtf0v2sja68alqd/gradle-4.10.1/lib/gradle-launcher-4.10.1.jar
7fa51c088000-7fa51c33b000 rw-p 00000000 00:00 0 
7fa51c33b000-7fa51c50c000 r--s 03c88000 08:02 6032496                    /opt/android-studio/jre/jre/lib/rt.jar
7fa51c50c000-7fa51d082000 rw-p 00000000 00:00 0 
7fa51d082000-7fa51d083000 ---p 00000000 00:00 0 
7fa51d083000-7fa51d183000 rw-p 00000000 00:00 0 
7fa51d183000-7fa51d184000 ---p 00000000 00:00 0 
7fa51d184000-7fa51d284000 rw-p 00000000 00:00 0 
7fa51d284000-7fa51d285000 ---p 00000000 00:00 0 
7fa51d285000-7fa51d385000 rw-p 00000000 00:00 0 
7fa51d385000-7fa51d386000 ---p 00000000 00:00 0 
7fa51d386000-7fa51d49b000 rw-p 00000000 00:00 0 
7fa51d49b000-7fa51d686000 ---p 00000000 00:00 0 
7fa51d686000-7fa51d69b000 rw-p 00000000 00:00 0 
7fa51d69b000-7fa51d886000 ---p 00000000 00:00 0 
7fa51d886000-7fa51d8ad000 rw-p 00000000 00:00 0 
7fa51d8ad000-7fa51d986000 ---p 00000000 00:00 0 
7fa51d986000-7fa51d99c000 rw-p 00000000 00:00 0 
7fa51d99c000-7fa51dd47000 ---p 00000000 00:00 0 
7fa51dd47000-7fa51dd61000 r-xp 00000000 08:02 6032532                    /opt/android-studio/jre/jre/lib/amd64/libzip.so
7fa51dd61000-7fa51df60000 ---p 0001a000 08:02 6032532                    /opt/android-studio/jre/jre/lib/amd64/libzip.so
7fa51df60000-7fa51df61000 r--p 00019000 08:02 6032532                    /opt/android-studio/jre/jre/lib/amd64/libzip.so
7fa51df61000-7fa51df62000 rw-p 0001a000 08:02 6032532                    /opt/android-studio/jre/jre/lib/amd64/libzip.so
7fa51df62000-7fa51df6d000 r-xp 00000000 08:02 398200                     /lib/x86_64-linux-gnu/libnss_files-2.27.so
7fa51df6d000-7fa51e16c000 ---p 0000b000 08:02 398200                     /lib/x86_64-linux-gnu/libnss_files-2.27.so
7fa51e16c000-7fa51e16d000 r--p 0000a000 08:02 398200                     /lib/x86_64-linux-gnu/libnss_files-2.27.so
7fa51e16d000-7fa51e16e000 rw-p 0000b000 08:02 398200                     /lib/x86_64-linux-gnu/libnss_files-2.27.so
7fa51e16e000-7fa51e174000 rw-p 00000000 00:00 0 
7fa51e174000-7fa51e18b000 r-xp 00000000 08:02 398194                     /lib/x86_64-linux-gnu/libnsl-2.27.so
7fa51e18b000-7fa51e38a000 ---p 00017000 08:02 398194                     /lib/x86_64-linux-gnu/libnsl-2.27.so
7fa51e38a000-7fa51e38b000 r--p 00016000 08:02 398194                     /lib/x86_64-linux-gnu/libnsl-2.27.so
7fa51e38b000-7fa51e38c000 rw-p 00017000 08:02 398194                     /lib/x86_64-linux-gnu/libnsl-2.27.so
7fa51e38c000-7fa51e38e000 rw-p 00000000 00:00 0 
7fa51e38e000-7fa51e399000 r-xp 00000000 08:02 398211                     /lib/x86_64-linux-gnu/libnss_nis-2.27.so
7fa51e399000-7fa51e598000 ---p 0000b000 08:02 398211                     /lib/x86_64-linux-gnu/libnss_nis-2.27.so
7fa51e598000-7fa51e599000 r--p 0000a000 08:02 398211                     /lib/x86_64-linux-gnu/libnss_nis-2.27.so
7fa51e599000-7fa51e59a000 rw-p 0000b000 08:02 398211                     /lib/x86_64-linux-gnu/libnss_nis-2.27.so
7fa51e59a000-7fa51e5a2000 r-xp 00000000 08:02 398196                     /lib/x86_64-linux-gnu/libnss_compat-2.27.so
7fa51e5a2000-7fa51e7a2000 ---p 00008000 08:02 398196                     /lib/x86_64-linux-gnu/libnss_compat-2.27.so
7fa51e7a2000-7fa51e7a3000 r--p 00008000 08:02 398196                     /lib/x86_64-linux-gnu/libnss_compat-2.27.so
7fa51e7a3000-7fa51e7a4000 rw-p 00009000 08:02 398196                     /lib/x86_64-linux-gnu/libnss_compat-2.27.so
7fa51e7a4000-7fa51e7d1000 r-xp 00000000 08:02 6032531                    /opt/android-studio/jre/jre/lib/amd64/libjava.so
7fa51e7d1000-7fa51e9d0000 ---p 0002d000 08:02 6032531                    /opt/android-studio/jre/jre/lib/amd64/libjava.so
7fa51e9d0000-7fa51e9d1000 r--p 0002c000 08:02 6032531                    /opt/android-studio/jre/jre/lib/amd64/libjava.so
7fa51e9d1000-7fa51e9d3000 rw-p 0002d000 08:02 6032531                    /opt/android-studio/jre/jre/lib/amd64/libjava.so
7fa51e9d3000-7fa51e9e4000 r-xp 00000000 08:02 6032513                    /opt/android-studio/jre/jre/lib/amd64/libverify.so
7fa51e9e4000-7fa51ebe3000 ---p 00011000 08:02 6032513                    /opt/android-studio/jre/jre/lib/amd64/libverify.so
7fa51ebe3000-7fa51ebe5000 r--p 00010000 08:02 6032513                    /opt/android-studio/jre/jre/lib/amd64/libverify.so
7fa51ebe5000-7fa51ebe6000 rw-p 00012000 08:02 6032513                    /opt/android-studio/jre/jre/lib/amd64/libverify.so
7fa51ebe6000-7fa51ebed000 r-xp 00000000 08:02 398251                     /lib/x86_64-linux-gnu/librt-2.27.so
7fa51ebed000-7fa51edec000 ---p 00007000 08:02 398251                     /lib/x86_64-linux-gnu/librt-2.27.so
7fa51edec000-7fa51eded000 r--p 00006000 08:02 398251                     /lib/x86_64-linux-gnu/librt-2.27.so
7fa51eded000-7fa51edee000 rw-p 00007000 08:02 398251                     /lib/x86_64-linux-gnu/librt-2.27.so
7fa51edee000-7fa51ef8b000 r-xp 00000000 08:02 398173                     /lib/x86_64-linux-gnu/libm-2.27.so
7fa51ef8b000-7fa51f18a000 ---p 0019d000 08:02 398173                     /lib/x86_64-linux-gnu/libm-2.27.so
7fa51f18a000-7fa51f18b000 r--p 0019c000 08:02 398173                     /lib/x86_64-linux-gnu/libm-2.27.so
7fa51f18b000-7fa51f18c000 rw-p 0019d000 08:02 398173                     /lib/x86_64-linux-gnu/libm-2.27.so
7fa51f18c000-7fa51fdf8000 r-xp 00000000 08:02 6032506                    /opt/android-studio/jre/jre/lib/amd64/server/libjvm.so
7fa51fdf8000-7fa51fff8000 ---p 00c6c000 08:02 6032506                    /opt/android-studio/jre/jre/lib/amd64/server/libjvm.so
7fa51fff8000-7fa52008c000 r--p 00c6c000 08:02 6032506                    /opt/android-studio/jre/jre/lib/amd64/server/libjvm.so
7fa52008c000-7fa5200b4000 rw-p 00d00000 08:02 6032506                    /opt/android-studio/jre/jre/lib/amd64/server/libjvm.so
7fa5200b4000-7fa5200e5000 rw-p 00000000 00:00 0 
7fa5200e5000-7fa5202cc000 r-xp 00000000 08:02 398110                     /lib/x86_64-linux-gnu/libc-2.27.so
7fa5202cc000-7fa5204cc000 ---p 001e7000 08:02 398110                     /lib/x86_64-linux-gnu/libc-2.27.so
7fa5204cc000-7fa5204d0000 r--p 001e7000 08:02 398110                     /lib/x86_64-linux-gnu/libc-2.27.so
7fa5204d0000-7fa5204d2000 rw-p 001eb000 08:02 398110                     /lib/x86_64-linux-gnu/libc-2.27.so
7fa5204d2000-7fa5204d6000 rw-p 00000000 00:00 0 
7fa5204d6000-7fa5204d9000 r-xp 00000000 08:02 398133                     /lib/x86_64-linux-gnu/libdl-2.27.so
7fa5204d9000-7fa5206d8000 ---p 00003000 08:02 398133                     /lib/x86_64-linux-gnu/libdl-2.27.so
7fa5206d8000-7fa5206d9000 r--p 00002000 08:02 398133                     /lib/x86_64-linux-gnu/libdl-2.27.so
7fa5206d9000-7fa5206da000 rw-p 00003000 08:02 398133                     /lib/x86_64-linux-gnu/libdl-2.27.so
7fa5206da000-7fa5206f0000 r-xp 00000000 08:02 6032609                    /opt/android-studio/jre/lib/amd64/jli/libjli.so
7fa5206f0000-7fa5208f0000 ---p 00016000 08:02 6032609                    /opt/android-studio/jre/lib/amd64/jli/libjli.so
7fa5208f0000-7fa5208f1000 r--p 00016000 08:02 6032609                    /opt/android-studio/jre/lib/amd64/jli/libjli.so
7fa5208f1000-7fa5208f2000 rw-p 00017000 08:02 6032609                    /opt/android-studio/jre/lib/amd64/jli/libjli.so
7fa5208f2000-7fa52090c000 r-xp 00000000 08:02 398243                     /lib/x86_64-linux-gnu/libpthread-2.27.so
7fa52090c000-7fa520b0b000 ---p 0001a000 08:02 398243                     /lib/x86_64-linux-gnu/libpthread-2.27.so
7fa520b0b000-7fa520b0c000 r--p 00019000 08:02 398243                     /lib/x86_64-linux-gnu/libpthread-2.27.so
7fa520b0c000-7fa520b0d000 rw-p 0001a000 08:02 398243                     /lib/x86_64-linux-gnu/libpthread-2.27.so
7fa520b0d000-7fa520b11000 rw-p 00000000 00:00 0 
7fa520b11000-7fa520b38000 r-xp 00000000 08:02 398082                     /lib/x86_64-linux-gnu/ld-2.27.so
7fa520b38000-7fa520b39000 r--s 00009000 08:02 5770228                    /home/raimonda/.gradle/wrapper/dists/gradle-4.10.1-all/455itskqi2qtf0v2sja68alqd/gradle-4.10.1/lib/slf4j-api-1.7.16.jar
7fa520b39000-7fa520b3a000 r--s 00004000 08:02 5770248                    /home/raimonda/.gradle/wrapper/dists/gradle-4.10.1-all/455itskqi2qtf0v2sja68alqd/gradle-4.10.1/lib/ant-launcher-1.9.11.jar
7fa520b3a000-7fa520c1d000 rw-p 00000000 00:00 0 
7fa520c1d000-7fa520c1e000 ---p 00000000 00:00 0 
7fa520c1e000-7fa520c21000 ---p 00000000 00:00 0 
7fa520c21000-7fa520d22000 rw-p 00000000 00:00 0 
7fa520d22000-7fa520d2e000 r--s 00064000 08:02 5770039                    /home/raimonda/.gradle/wrapper/dists/gradle-4.10.1-all/455itskqi2qtf0v2sja68alqd/gradle-4.10.1/lib/gradle-base-services-4.10.1.jar
7fa520d2e000-7fa520d36000 rw-s 00000000 08:02 7348755                    /tmp/hsperfdata_raimonda/28143
7fa520d36000-7fa520d37000 rw-p 00000000 00:00 0 
7fa520d37000-7fa520d38000 ---p 00000000 00:00 0 
7fa520d38000-7fa520d39000 r--p 00027000 08:02 398082                     /lib/x86_64-linux-gnu/ld-2.27.so
7fa520d39000-7fa520d3a000 rw-p 00028000 08:02 398082                     /lib/x86_64-linux-gnu/ld-2.27.so
7fa520d3a000-7fa520d3b000 rw-p 00000000 00:00 0 
7ffc2850a000-7ffc2852b000 rw-p 00000000 00:00 0                          [stack]
7ffc28553000-7ffc28556000 r--p 00000000 00:00 0                          [vvar]
7ffc28556000-7ffc28558000 r-xp 00000000 00:00 0                          [vdso]
ffffffffff600000-ffffffffff601000 r-xp 00000000 00:00 0                  [vsyscall]

VM Arguments:
jvm_args: -Xmx1536m -Dfile.encoding=UTF-8 -Duser.country=US -Duser.language=en -Duser.variant 
java_command: org.gradle.launcher.daemon.bootstrap.GradleDaemon 4.10.1
java_class_path (initial): /home/raimonda/.gradle/wrapper/dists/gradle-4.10.1-all/455itskqi2qtf0v2sja68alqd/gradle-4.10.1/lib/gradle-launcher-4.10.1.jar
Launcher Type: SUN_STANDARD

Environment Variables:
PATH=/usr/local/sbin:/usr/local/bin:/usr/sbin:/usr/bin:/sbin:/bin:/usr/games:/usr/local/games:/snap/bin
USERNAME=raimonda
SHELL=/bin/bash
DISPLAY=:0

Signal Handlers:
SIGSEGV: [libjvm.so+0xa71660], sa_mask[0]=11111111011111111101111111111110, sa_flags=SA_RESTART|SA_SIGINFO
SIGBUS: [libjvm.so+0xa71660], sa_mask[0]=11111111011111111101111111111110, sa_flags=SA_RESTART|SA_SIGINFO
SIGFPE: [libjvm.so+0x8b1770], sa_mask[0]=11111111011111111101111111111110, sa_flags=SA_RESTART|SA_SIGINFO
SIGPIPE: [libjvm.so+0x8b1770], sa_mask[0]=11111111011111111101111111111110, sa_flags=SA_RESTART|SA_SIGINFO
SIGXFSZ: [libjvm.so+0x8b1770], sa_mask[0]=11111111011111111101111111111110, sa_flags=SA_RESTART|SA_SIGINFO
SIGILL: [libjvm.so+0x8b1770], sa_mask[0]=11111111011111111101111111111110, sa_flags=SA_RESTART|SA_SIGINFO
SIGUSR1: SIG_DFL, sa_mask[0]=00000000000000000000000000000000, sa_flags=none
SIGUSR2: [libjvm.so+0x8b1640], sa_mask[0]=00100000000000000000000000000000, sa_flags=SA_RESTART|SA_SIGINFO
SIGHUP: [libjvm.so+0x8b1aa0], sa_mask[0]=11111111011111111101111111111110, sa_flags=SA_RESTART|SA_SIGINFO
SIGINT: [libjvm.so+0x8b1aa0], sa_mask[0]=11111111011111111101111111111110, sa_flags=SA_RESTART|SA_SIGINFO
SIGTERM: [libjvm.so+0x8b1aa0], sa_mask[0]=11111111011111111101111111111110, sa_flags=SA_RESTART|SA_SIGINFO
SIGQUIT: [libjvm.so+0x8b1aa0], sa_mask[0]=11111111011111111101111111111110, sa_flags=SA_RESTART|SA_SIGINFO


---------------  S Y S T E M  ---------------

OS:DISTRIB_ID=Ubuntu
DISTRIB_RELEASE=18.04
DISTRIB_CODENAME=bionic
DISTRIB_DESCRIPTION="Ubuntu 18.04.2 LTS"

uname:Linux 4.18.0-16-generic #17~18.04.1-Ubuntu SMP Tue Feb 12 13:35:51 UTC 2019 x86_64
libc:glibc 2.27 NPTL 2.27 
rlimit: STACK 8192k, CORE 0k, NPROC 14978, NOFILE 1048576, AS infinity
load average:13,16 5,70 2,46

/proc/meminfo:
MemTotal:        3933536 kB
MemFree:          110412 kB
MemAvailable:      21320 kB
Buffers:            1520 kB
Cached:           285288 kB
SwapCached:         1584 kB
Active:          2868776 kB
Inactive:         601484 kB
Active(anon):    2855164 kB
Inactive(anon):   587360 kB
Active(file):      13612 kB
Inactive(file):    14124 kB
Unevictable:          48 kB
Mlocked:              48 kB
SwapTotal:       2097148 kB
SwapFree:              0 kB
Dirty:               192 kB
Writeback:             0 kB
AnonPages:       3182392 kB
Mapped:            25832 kB
Shmem:            258744 kB
Slab:             131684 kB
SReclaimable:      41072 kB
SUnreclaim:        90612 kB
KernelStack:       21120 kB
PageTables:       100972 kB
NFS_Unstable:          0 kB
Bounce:                0 kB
WritebackTmp:          0 kB
CommitLimit:     4063916 kB
Committed_AS:   16353444 kB
VmallocTotal:   34359738367 kB
VmallocUsed:           0 kB
VmallocChunk:          0 kB
HardwareCorrupted:     0 kB
AnonHugePages:         0 kB
ShmemHugePages:        0 kB
ShmemPmdMapped:        0 kB
CmaTotal:              0 kB
CmaFree:               0 kB
HugePages_Total:       0
HugePages_Free:        0
HugePages_Rsvd:        0
HugePages_Surp:        0
Hugepagesize:       2048 kB
Hugetlb:               0 kB
DirectMap4k:      400020 kB
DirectMap2M:     3688448 kB
DirectMap1G:           0 kB


CPU:total 4 (initial active 4) (2 cores per cpu, 2 threads per core) family 6 model 78 stepping 3, cmov, cx8, fxsr, mmx, sse, sse2, sse3, ssse3, sse4.1, sse4.2, popcnt, avx, avx2, aes, clmul, erms, 3dnowpref, lzcnt, ht, tsc, tscinvbit, bmi1, bmi2, adx

/proc/cpuinfo:
processor	: 0
vendor_id	: GenuineIntel
cpu family	: 6
model		: 78
model name	: Intel(R) Core(TM) m3-6Y30 CPU @ 0.90GHz
stepping	: 3
microcode	: 0xc6
cpu MHz		: 2184.763
cache size	: 4096 KB
physical id	: 0
siblings	: 4
core id		: 0
cpu cores	: 2
apicid		: 0
initial apicid	: 0
fpu		: yes
fpu_exception	: yes
cpuid level	: 22
wp		: yes
flags		: fpu vme de pse tsc msr pae mce cx8 apic sep mtrr pge mca cmov pat pse36 clflush dts acpi mmx fxsr sse sse2 ss ht tm pbe syscall nx pdpe1gb rdtscp lm constant_tsc art arch_perfmon pebs bts rep_good nopl xtopology nonstop_tsc cpuid aperfmperf tsc_known_freq pni pclmulqdq dtes64 monitor ds_cpl vmx est tm2 ssse3 sdbg fma cx16 xtpr pdcm pcid sse4_1 sse4_2 x2apic movbe popcnt tsc_deadline_timer aes xsave avx f16c rdrand lahf_lm abm 3dnowprefetch cpuid_fault epb invpcid_single pti ssbd ibrs ibpb stibp tpr_shadow vnmi flexpriority ept vpid fsgsbase tsc_adjust bmi1 avx2 smep bmi2 erms invpcid mpx rdseed adx smap clflushopt intel_pt xsaveopt xsavec xgetbv1 xsaves dtherm ida arat pln pts hwp hwp_notify hwp_act_window hwp_epp flush_l1d
bugs		: cpu_meltdown spectre_v1 spectre_v2 spec_store_bypass l1tf
bogomips	: 3024.00
clflush size	: 64
cache_alignment	: 64
address sizes	: 39 bits physical, 48 bits virtual
power management:

processor	: 1
vendor_id	: GenuineIntel
cpu family	: 6
model		: 78
model name	: Intel(R) Core(TM) m3-6Y30 CPU @ 0.90GHz
stepping	: 3
microcode	: 0xc6
cpu MHz		: 1619.331
cache size	: 4096 KB
physical id	: 0
siblings	: 4
core id		: 1
cpu cores	: 2
apicid		: 2
initial apicid	: 2
fpu		: yes
fpu_exception	: yes
cpuid level	: 22
wp		: yes
flags		: fpu vme de pse tsc msr pae mce cx8 apic sep mtrr pge mca cmov pat pse36 clflush dts acpi mmx fxsr sse sse2 ss ht tm pbe syscall nx pdpe1gb rdtscp lm constant_tsc art arch_perfmon pebs bts rep_good nopl xtopology nonstop_tsc cpuid aperfmperf tsc_known_freq pni pclmulqdq dtes64 monitor ds_cpl vmx est tm2 ssse3 sdbg fma cx16 xtpr pdcm pcid sse4_1 sse4_2 x2apic movbe popcnt tsc_deadline_timer aes xsave avx f16c rdrand lahf_lm abm 3dnowprefetch cpuid_fault epb invpcid_single pti ssbd ibrs ibpb stibp tpr_shadow vnmi flexpriority ept vpid fsgsbase tsc_adjust bmi1 avx2 smep bmi2 erms invpcid mpx rdseed adx smap clflushopt intel_pt xsaveopt xsavec xgetbv1 xsaves dtherm ida arat pln pts hwp hwp_notify hwp_act_window hwp_epp flush_l1d
bugs		: cpu_meltdown spectre_v1 spectre_v2 spec_store_bypass l1tf
bogomips	: 3024.00
clflush size	: 64
cache_alignment	: 64
address sizes	: 39 bits physical, 48 bits virtual
power management:

processor	: 2
vendor_id	: GenuineIntel
cpu family	: 6
model		: 78
model name	: Intel(R) Core(TM) m3-6Y30 CPU @ 0.90GHz
stepping	: 3
microcode	: 0xc6
cpu MHz		: 1963.589
cache size	: 4096 KB
physical id	: 0
siblings	: 4
core id		: 0
cpu cores	: 2
apicid		: 1
initial apicid	: 1
fpu		: yes
fpu_exception	: yes
cpuid level	: 22
wp		: yes
flags		: fpu vme de pse tsc msr pae mce cx8 apic sep mtrr pge mca cmov pat pse36 clflush dts acpi mmx fxsr sse sse2 ss ht tm pbe syscall nx pdpe1gb rdtscp lm constant_tsc art arch_perfmon pebs bts rep_good nopl xtopology nonstop_tsc cpuid aperfmperf tsc_known_freq pni pclmulqdq dtes64 monitor ds_cpl vmx est tm2 ssse3 sdbg fma cx16 xtpr pdcm pcid sse4_1 sse4_2 x2apic movbe popcnt tsc_deadline_timer aes xsave avx f16c rdrand lahf_lm abm 3dnowprefetch cpuid_fault epb invpcid_single pti ssbd ibrs ibpb stibp tpr_shadow vnmi flexpriority ept vpid fsgsbase tsc_adjust bmi1 avx2 smep bmi2 erms invpcid mpx rdseed adx smap clflushopt intel_pt xsaveopt xsavec xgetbv1 xsaves dtherm ida arat pln pts hwp hwp_notify hwp_act_window hwp_epp flush_l1d
bugs		: cpu_meltdown spectre_v1 spectre_v2 spec_store_bypass l1tf
bogomips	: 3024.00
clflush size	: 64
cache_alignment	: 64
address sizes	: 39 bits physical, 48 bits virtual
power management:

processor	: 3
vendor_id	: GenuineIntel
cpu family	: 6
model		: 78
model name	: Intel(R) Core(TM) m3-6Y30 CPU @ 0.90GHz
stepping	: 3
microcode	: 0xc6
cpu MHz		: 1970.137
cache size	: 4096 KB
physical id	: 0
siblings	: 4
core id		: 1
cpu cores	: 2
apicid		: 3
initial apicid	: 3
fpu		: yes
fpu_exception	: yes
cpuid level	: 22
wp		: yes
flags		: fpu vme de pse tsc msr pae mce cx8 apic sep mtrr pge mca cmov pat pse36 clflush dts acpi mmx fxsr sse sse2 ss ht tm pbe syscall nx pdpe1gb rdtscp lm constant_tsc art arch_perfmon pebs bts rep_good nopl xtopology nonstop_tsc cpuid aperfmperf tsc_known_freq pni pclmulqdq dtes64 monitor ds_cpl vmx est tm2 ssse3 sdbg fma cx16 xtpr pdcm pcid sse4_1 sse4_2 x2apic movbe popcnt tsc_deadline_timer aes xsave avx f16c rdrand lahf_lm abm 3dnowprefetch cpuid_fault epb invpcid_single pti ssbd ibrs ibpb stibp tpr_shadow vnmi flexpriority ept vpid fsgsbase tsc_adjust bmi1 avx2 smep bmi2 erms invpcid mpx rdseed adx smap clflushopt intel_pt xsaveopt xsavec xgetbv1 xsaves dtherm ida arat pln pts hwp hwp_notify hwp_act_window hwp_epp flush_l1d
bugs		: cpu_meltdown spectre_v1 spectre_v2 spec_store_bypass l1tf
bogomips	: 3024.00
clflush size	: 64
cache_alignment	: 64
address sizes	: 39 bits physical, 48 bits virtual
power management:



Memory: 4k page, physical 3933536k(120764k free), swap 2097148k(0k free)

vm_info: OpenJDK 64-Bit Server VM (25.152-b01) for linux-amd64 JRE (1.8.0_152-release-1248-b01), built by "builder" with gcc 7.3.0

time: Mon Mar 25 19:32:06 2019
elapsed time: 3 seconds (0d 0h 0m 3s)

